[23-May-2025 12:11:48 Europe/Berlin] PHP Warning:  Undefined variable $error in C:\xampp\htdocs\Lead-Management-System\public\index.php on line 361
[23-May-2025 12:11:48 Europe/Berlin] PHP Warning:  Undefined variable $success in C:\xampp\htdocs\Lead-Management-System\public\index.php on line 368
[23-May-2025 12:12:52 Europe/Berlin] PHP Warning:  Undefined variable $error in C:\xampp\htdocs\Lead-Management-System\public\index.php on line 361
[23-May-2025 12:12:52 Europe/Berlin] PHP Warning:  Undefined variable $success in C:\xampp\htdocs\Lead-Management-System\public\index.php on line 368
[23-May-2025 12:12:55 Europe/Berlin] PHP Warning:  Undefined variable $error in C:\xampp\htdocs\Lead-Management-System\public\index.php on line 361
[23-May-2025 12:12:55 Europe/Berlin] PHP Warning:  Undefined variable $success in C:\xampp\htdocs\Lead-Management-System\public\index.php on line 368
[23-May-2025 12:13:31 Europe/Berlin] PHP Warning:  Undefined variable $error in C:\xampp\htdocs\Lead-Management-System\public\index.php on line 361
[23-May-2025 12:13:31 Europe/Berlin] PHP Warning:  Undefined variable $success in C:\xampp\htdocs\Lead-Management-System\public\index.php on line 368
[23-May-2025 12:14:01 Europe/Berlin] PHP Warning:  Undefined variable $error in C:\xampp\htdocs\Lead-Management-System\public\index.php on line 363
[23-May-2025 12:14:01 Europe/Berlin] PHP Warning:  Undefined variable $success in C:\xampp\htdocs\Lead-Management-System\public\index.php on line 370
[23-May-2025 12:43:32 Europe/Berlin] Query execution error: Cannot add or update a child row: a foreign key constraint fails (`crm_dashboard`.`login_history`, CONSTRAINT `login_history_ibfk_1` FOREIGN KEY (`user_id`) REFERENCES `users` (`id`) ON DELETE CASCADE)
[23-May-2025 12:43:32 Europe/Berlin] Login error: Cannot add or update a child row: a foreign key constraint fails (`crm_dashboard`.`login_history`, CONSTRAINT `login_history_ibfk_1` FOREIGN KEY (`user_id`) REFERENCES `users` (`id`) ON DELETE CASCADE)
[23-May-2025 12:45:30 Europe/Berlin] Query execution error: Cannot add or update a child row: a foreign key constraint fails (`crm_dashboard`.`login_history`, CONSTRAINT `login_history_ibfk_1` FOREIGN KEY (`user_id`) REFERENCES `users` (`id`) ON DELETE CASCADE)
[23-May-2025 12:45:30 Europe/Berlin] Login error: Cannot add or update a child row: a foreign key constraint fails (`crm_dashboard`.`login_history`, CONSTRAINT `login_history_ibfk_1` FOREIGN KEY (`user_id`) REFERENCES `users` (`id`) ON DELETE CASCADE)
[23-May-2025 12:46:07 Europe/Berlin] Query execution error: Cannot add or update a child row: a foreign key constraint fails (`crm_dashboard`.`login_history`, CONSTRAINT `login_history_ibfk_1` FOREIGN KEY (`user_id`) REFERENCES `users` (`id`) ON DELETE CASCADE)
[23-May-2025 12:46:07 Europe/Berlin] Login error: Cannot add or update a child row: a foreign key constraint fails (`crm_dashboard`.`login_history`, CONSTRAINT `login_history_ibfk_1` FOREIGN KEY (`user_id`) REFERENCES `users` (`id`) ON DELETE CASCADE)
[23-May-2025 12:46:42 Europe/Berlin] Query execution error: Cannot add or update a child row: a foreign key constraint fails (`crm_dashboard`.`login_history`, CONSTRAINT `login_history_ibfk_1` FOREIGN KEY (`user_id`) REFERENCES `users` (`id`) ON DELETE CASCADE)
[23-May-2025 12:46:42 Europe/Berlin] Login error: Cannot add or update a child row: a foreign key constraint fails (`crm_dashboard`.`login_history`, CONSTRAINT `login_history_ibfk_1` FOREIGN KEY (`user_id`) REFERENCES `users` (`id`) ON DELETE CASCADE)
[23-May-2025 12:59:34 Europe/Berlin] Database connection error: No connection could be made because the target machine actively refused it
[23-May-2025 12:59:53 Europe/Berlin] Database connection error: No connection could be made because the target machine actively refused it
[23-May-2025 13:05:06 Europe/Berlin] Query execution error: Cannot add or update a child row: a foreign key constraint fails (`crm_dashboard`.`login_history`, CONSTRAINT `login_history_ibfk_1` FOREIGN KEY (`user_id`) REFERENCES `users` (`id`) ON DELETE CASCADE)
[23-May-2025 13:05:06 Europe/Berlin] Login error: Cannot add or update a child row: a foreign key constraint fails (`crm_dashboard`.`login_history`, CONSTRAINT `login_history_ibfk_1` FOREIGN KEY (`user_id`) REFERENCES `users` (`id`) ON DELETE CASCADE)
[23-May-2025 13:05:35 Europe/Berlin] Query execution error: Cannot add or update a child row: a foreign key constraint fails (`crm_dashboard`.`login_history`, CONSTRAINT `login_history_ibfk_1` FOREIGN KEY (`user_id`) REFERENCES `users` (`id`) ON DELETE CASCADE)
[23-May-2025 13:05:35 Europe/Berlin] Login error: Cannot add or update a child row: a foreign key constraint fails (`crm_dashboard`.`login_history`, CONSTRAINT `login_history_ibfk_1` FOREIGN KEY (`user_id`) REFERENCES `users` (`id`) ON DELETE CASCADE)
[23-May-2025 13:11:43 Europe/Berlin] PHP Warning:  Undefined array key "is_trial" in C:\xampp\htdocs\Lead-Management-System\public\register.php on line 421
[23-May-2025 13:11:43 Europe/Berlin] PHP Warning:  Undefined array key "is_trial" in C:\xampp\htdocs\Lead-Management-System\public\register.php on line 428
[23-May-2025 13:11:43 Europe/Berlin] PHP Warning:  Undefined array key "is_trial" in C:\xampp\htdocs\Lead-Management-System\public\register.php on line 429
[23-May-2025 13:11:43 Europe/Berlin] PHP Warning:  Undefined array key "is_trial" in C:\xampp\htdocs\Lead-Management-System\public\register.php on line 446
[23-May-2025 13:11:43 Europe/Berlin] PHP Warning:  Undefined array key "is_trial" in C:\xampp\htdocs\Lead-Management-System\public\register.php on line 459
[23-May-2025 13:11:43 Europe/Berlin] PHP Warning:  Undefined array key "is_trial" in C:\xampp\htdocs\Lead-Management-System\public\register.php on line 461
[23-May-2025 14:14:38 Europe/Berlin] Query execution error: Unknown column 'name' in 'field list'
[23-May-2025 14:14:38 Europe/Berlin] Password reset error: Unknown column 'name' in 'field list'
[23-May-2025 14:16:58 Europe/Berlin] PHP Warning:  Undefined array key "user_name" in C:\xampp\htdocs\Lead-Management-System\public\dashboard.php on line 10
[23-May-2025 14:16:58 Europe/Berlin] PHP Warning:  Undefined array key "user_role" in C:\xampp\htdocs\Lead-Management-System\public\dashboard.php on line 11
[23-May-2025 14:16:58 Europe/Berlin] Query execution error: Table 'crm_dashboard.leads' doesn't exist in engine
[23-May-2025 14:16:58 Europe/Berlin] PHP Deprecated:  htmlspecialchars(): Passing null to parameter #1 ($string) of type string is deprecated in C:\xampp\htdocs\Lead-Management-System\public\dashboard.php on line 86
[23-May-2025 14:16:58 Europe/Berlin] PHP Deprecated:  htmlspecialchars(): Passing null to parameter #1 ($string) of type string is deprecated in C:\xampp\htdocs\Lead-Management-System\public\dashboard.php on line 87
[23-May-2025 14:16:58 Europe/Berlin] PHP Warning:  Undefined variable $stats in C:\xampp\htdocs\Lead-Management-System\public\dashboard.php on line 145
[23-May-2025 14:16:58 Europe/Berlin] PHP Warning:  foreach() argument must be of type array|object, null given in C:\xampp\htdocs\Lead-Management-System\public\dashboard.php on line 145
[23-May-2025 14:18:46 Europe/Berlin] PHP Warning:  Undefined array key "user_name" in C:\xampp\htdocs\Lead-Management-System\public\dashboard.php on line 10
[23-May-2025 14:18:46 Europe/Berlin] PHP Warning:  Undefined array key "user_role" in C:\xampp\htdocs\Lead-Management-System\public\dashboard.php on line 11
[23-May-2025 14:18:46 Europe/Berlin] Query execution error: Table 'crm_dashboard.leads' doesn't exist in engine
[23-May-2025 14:18:46 Europe/Berlin] PHP Deprecated:  htmlspecialchars(): Passing null to parameter #1 ($string) of type string is deprecated in C:\xampp\htdocs\Lead-Management-System\public\dashboard.php on line 86
[23-May-2025 14:18:46 Europe/Berlin] PHP Deprecated:  htmlspecialchars(): Passing null to parameter #1 ($string) of type string is deprecated in C:\xampp\htdocs\Lead-Management-System\public\dashboard.php on line 87
[23-May-2025 14:18:46 Europe/Berlin] PHP Warning:  Undefined variable $stats in C:\xampp\htdocs\Lead-Management-System\public\dashboard.php on line 145
[23-May-2025 14:18:46 Europe/Berlin] PHP Warning:  foreach() argument must be of type array|object, null given in C:\xampp\htdocs\Lead-Management-System\public\dashboard.php on line 145
[23-May-2025 14:20:19 Europe/Berlin] Query execution error: Table 'crm_dashboard.leads' doesn't exist in engine
[23-May-2025 14:20:19 Europe/Berlin] Dashboard statistics loading error: Table 'crm_dashboard.leads' doesn't exist in engine
[23-May-2025 14:20:27 Europe/Berlin] Query execution error: Table 'crm_dashboard.leads' doesn't exist in engine
[23-May-2025 14:20:27 Europe/Berlin] Dashboard statistics loading error: Table 'crm_dashboard.leads' doesn't exist in engine
[23-May-2025 14:28:27 Europe/Berlin] Query execution error: Unknown column 'name' in 'field list'
[23-May-2025 14:28:27 Europe/Berlin] Login error: Unknown column 'name' in 'field list'
[23-May-2025 14:28:43 Europe/Berlin] Query execution error: Unknown column 'name' in 'field list'
[23-May-2025 14:28:43 Europe/Berlin] Login error: Unknown column 'name' in 'field list'
[23-May-2025 14:32:08 Europe/Berlin] Query execution error: Unknown column 'name' in 'field list'
[23-May-2025 14:32:08 Europe/Berlin] Login error: Unknown column 'name' in 'field list'
[23-May-2025 14:32:13 Europe/Berlin] Query execution error: Unknown column 'name' in 'field list'
[23-May-2025 14:32:13 Europe/Berlin] Login error: Unknown column 'name' in 'field list'
[23-May-2025 14:34:10 Europe/Berlin] Query execution error: Unknown column 'name' in 'field list'
[23-May-2025 14:34:10 Europe/Berlin] Login error: Unknown column 'name' in 'field list'
[23-May-2025 14:34:20 Europe/Berlin] Query execution error: Unknown column 'name' in 'field list'
[23-May-2025 14:34:20 Europe/Berlin] Login error: Unknown column 'name' in 'field list'
[23-May-2025 14:34:27 Europe/Berlin] Query execution error: Unknown column 'name' in 'field list'
[23-May-2025 14:34:27 Europe/Berlin] Login error: Unknown column 'name' in 'field list'
[23-May-2025 14:34:33 Europe/Berlin] Query execution error: Unknown column 'name' in 'field list'
[23-May-2025 14:34:33 Europe/Berlin] Login error: Unknown column 'name' in 'field list'
[23-May-2025 14:34:40 Europe/Berlin] Query execution error: Unknown column 'name' in 'field list'
[23-May-2025 14:34:40 Europe/Berlin] Login error: Unknown column 'name' in 'field list'
[23-May-2025 14:36:02 Europe/Berlin] Query execution error: Unknown column 'name' in 'field list'
[23-May-2025 14:36:02 Europe/Berlin] Login error: Unknown column 'name' in 'field list'
[23-May-2025 14:36:13 Europe/Berlin] Query execution error: Unknown column 'name' in 'field list'
[23-May-2025 14:36:13 Europe/Berlin] Login error: Unknown column 'name' in 'field list'
[23-May-2025 14:47:23 Europe/Berlin] Query execution error: Unknown column 'name' in 'field list'
[23-May-2025 14:55:59 Europe/Berlin] Query execution error: Unknown column 'name' in 'field list'
[23-May-2025 14:55:59 Europe/Berlin] Login error: Unknown column 'name' in 'field list'
[23-May-2025 15:00:53 Europe/Berlin] Query execution error: Table 'crm_dashboard.leads' doesn't exist in engine
[23-May-2025 15:00:53 Europe/Berlin] Dashboard statistics loading error: Table 'crm_dashboard.leads' doesn't exist in engine
[23-May-2025 15:01:02 Europe/Berlin] Query execution error: Table 'crm_dashboard.leads' doesn't exist in engine
[23-May-2025 15:01:02 Europe/Berlin] Dashboard statistics loading error: Table 'crm_dashboard.leads' doesn't exist in engine
[23-May-2025 17:29:07 Europe/Berlin] Database connection error: No connection could be made because the target machine actively refused it
[23-May-2025 17:32:21 Europe/Berlin] Database connection error: No connection could be made because the target machine actively refused it
[23-May-2025 17:36:22 Europe/Berlin] Query execution error: Table 'crm_dashboard.leads' doesn't exist in engine
[23-May-2025 17:36:22 Europe/Berlin] Dashboard statistics loading error: Table 'crm_dashboard.leads' doesn't exist in engine
[23-May-2025 17:37:18 Europe/Berlin] Query execution error: Table 'crm_dashboard.leads' doesn't exist in engine
[23-May-2025 17:37:18 Europe/Berlin] Dashboard statistics loading error: Table 'crm_dashboard.leads' doesn't exist in engine
[23-May-2025 17:46:16 Europe/Berlin] Query execution error: Table 'crm_dashboard.leads' doesn't exist in engine
[23-May-2025 17:46:16 Europe/Berlin] Dashboard statistics loading error: Table 'crm_dashboard.leads' doesn't exist in engine
[23-May-2025 17:47:24 Europe/Berlin] Query execution error: Table 'crm_dashboard.leads' doesn't exist in engine
[23-May-2025 17:47:24 Europe/Berlin] Dashboard statistics loading error: Table 'crm_dashboard.leads' doesn't exist in engine
[23-May-2025 18:03:06 Europe/Berlin] Query execution error: Table 'crm_dashboard.leads' doesn't exist in engine
[23-May-2025 18:03:06 Europe/Berlin] Dashboard statistics loading error: Table 'crm_dashboard.leads' doesn't exist in engine
[23-May-2025 18:03:17 Europe/Berlin] Query execution error: Table 'crm_dashboard.leads' doesn't exist in engine
[23-May-2025 18:03:17 Europe/Berlin] Dashboard statistics loading error: Table 'crm_dashboard.leads' doesn't exist in engine
[23-May-2025 18:09:56 Europe/Berlin] Query execution error: Table 'crm_dashboard.leads' doesn't exist in engine
[23-May-2025 18:09:56 Europe/Berlin] Dashboard statistics loading error: Table 'crm_dashboard.leads' doesn't exist in engine
[23-May-2025 18:12:55 Europe/Berlin] Query execution error: Table 'crm_dashboard.leads' doesn't exist in engine
[23-May-2025 18:12:55 Europe/Berlin] Dashboard statistics loading error: Table 'crm_dashboard.leads' doesn't exist in engine
[23-May-2025 18:19:10 Europe/Berlin] Query execution error: Table 'crm_dashboard.leads' doesn't exist in engine
[23-May-2025 18:19:10 Europe/Berlin] Dashboard statistics loading error: Table 'crm_dashboard.leads' doesn't exist in engine
[23-May-2025 18:19:21 Europe/Berlin] Query execution error: Table 'crm_dashboard.leads' doesn't exist in engine
[23-May-2025 18:19:21 Europe/Berlin] Dashboard statistics loading error: Table 'crm_dashboard.leads' doesn't exist in engine
[23-May-2025 18:19:21 Europe/Berlin] Query execution error: Table 'crm_dashboard.leads' doesn't exist in engine
[23-May-2025 18:19:21 Europe/Berlin] Dashboard statistics loading error: Table 'crm_dashboard.leads' doesn't exist in engine
[23-May-2025 18:19:43 Europe/Berlin] Query execution error: Table 'crm_dashboard.leads' doesn't exist in engine
[23-May-2025 18:19:43 Europe/Berlin] Dashboard statistics loading error: Table 'crm_dashboard.leads' doesn't exist in engine
[23-May-2025 18:20:26 Europe/Berlin] Query execution error: Table 'crm_dashboard.leads' doesn't exist in engine
[23-May-2025 18:20:26 Europe/Berlin] Dashboard statistics loading error: Table 'crm_dashboard.leads' doesn't exist in engine
[23-May-2025 18:26:17 Europe/Berlin] Query execution error: Table 'crm_dashboard.leads' doesn't exist in engine
[23-May-2025 18:26:17 Europe/Berlin] Dashboard statistics loading error: Table 'crm_dashboard.leads' doesn't exist in engine
[23-May-2025 18:26:26 Europe/Berlin] Query execution error: Table 'crm_dashboard.leads' doesn't exist in engine
[23-May-2025 18:26:26 Europe/Berlin] Dashboard statistics loading error: Table 'crm_dashboard.leads' doesn't exist in engine
[23-May-2025 18:29:03 Europe/Berlin] Query execution error: Table 'crm_dashboard.leads' doesn't exist in engine
[23-May-2025 18:29:03 Europe/Berlin] Dashboard statistics loading error: Table 'crm_dashboard.leads' doesn't exist in engine
[23-May-2025 18:29:19 Europe/Berlin] Query execution error: Table 'crm_dashboard.leads' doesn't exist in engine
[23-May-2025 18:29:19 Europe/Berlin] Dashboard statistics loading error: Table 'crm_dashboard.leads' doesn't exist in engine
[23-May-2025 18:29:19 Europe/Berlin] Query execution error: Table 'crm_dashboard.leads' doesn't exist in engine
[23-May-2025 18:29:19 Europe/Berlin] Dashboard statistics loading error: Table 'crm_dashboard.leads' doesn't exist in engine
[23-May-2025 18:29:19 Europe/Berlin] Query execution error: Table 'crm_dashboard.leads' doesn't exist in engine
[23-May-2025 18:29:19 Europe/Berlin] Dashboard statistics loading error: Table 'crm_dashboard.leads' doesn't exist in engine
[23-May-2025 18:29:19 Europe/Berlin] Query execution error: Table 'crm_dashboard.leads' doesn't exist in engine
[23-May-2025 18:29:19 Europe/Berlin] Dashboard statistics loading error: Table 'crm_dashboard.leads' doesn't exist in engine
[23-May-2025 18:29:21 Europe/Berlin] Query execution error: Table 'crm_dashboard.leads' doesn't exist in engine
[23-May-2025 18:29:21 Europe/Berlin] Dashboard statistics loading error: Table 'crm_dashboard.leads' doesn't exist in engine
[23-May-2025 18:32:01 Europe/Berlin] Query execution error: Table 'crm_dashboard.leads' doesn't exist in engine
[23-May-2025 18:32:01 Europe/Berlin] Dashboard statistics loading error: Table 'crm_dashboard.leads' doesn't exist in engine
[23-May-2025 18:33:24 Europe/Berlin] Query execution error: Table 'crm_dashboard.leads' doesn't exist in engine
[23-May-2025 18:33:24 Europe/Berlin] Dashboard statistics loading error: Table 'crm_dashboard.leads' doesn't exist in engine
[23-May-2025 18:35:03 Europe/Berlin] Query execution error: Table 'crm_dashboard.leads' doesn't exist in engine
[23-May-2025 18:35:03 Europe/Berlin] Dashboard statistics loading error: Table 'crm_dashboard.leads' doesn't exist in engine
[23-May-2025 18:40:21 Europe/Berlin] Query execution error: Table 'crm_dashboard.leads' doesn't exist in engine
[23-May-2025 18:40:21 Europe/Berlin] Dashboard statistics loading error: Table 'crm_dashboard.leads' doesn't exist in engine
[23-May-2025 18:43:53 Europe/Berlin] Query execution error: Table 'crm_dashboard.leads' doesn't exist in engine
[23-May-2025 18:43:53 Europe/Berlin] Dashboard statistics loading error: Table 'crm_dashboard.leads' doesn't exist in engine
[23-May-2025 18:47:37 Europe/Berlin] Query execution error: Table 'crm_dashboard.leads' doesn't exist in engine
[23-May-2025 18:47:37 Europe/Berlin] Dashboard statistics loading error: Table 'crm_dashboard.leads' doesn't exist in engine
[23-May-2025 18:47:55 Europe/Berlin] Query execution error: Table 'crm_dashboard.leads' doesn't exist in engine
[23-May-2025 18:47:55 Europe/Berlin] Dashboard statistics loading error: Table 'crm_dashboard.leads' doesn't exist in engine
[23-May-2025 18:48:07 Europe/Berlin] Query execution error: Table 'crm_dashboard.leads' doesn't exist in engine
[23-May-2025 18:48:07 Europe/Berlin] Dashboard statistics loading error: Table 'crm_dashboard.leads' doesn't exist in engine
[23-May-2025 18:50:17 Europe/Berlin] Query execution error: Table 'crm_dashboard.leads' doesn't exist in engine
[23-May-2025 18:50:17 Europe/Berlin] Dashboard statistics loading error: Table 'crm_dashboard.leads' doesn't exist in engine
[23-May-2025 18:50:41 Europe/Berlin] Query execution error: Table 'crm_dashboard.leads' doesn't exist in engine
[23-May-2025 18:50:41 Europe/Berlin] Dashboard statistics loading error: Table 'crm_dashboard.leads' doesn't exist in engine
[23-May-2025 18:51:43 Europe/Berlin] Query execution error: Table 'crm_dashboard.leads' doesn't exist in engine
[23-May-2025 18:51:43 Europe/Berlin] Dashboard statistics loading error: Table 'crm_dashboard.leads' doesn't exist in engine
[23-May-2025 18:51:53 Europe/Berlin] Query execution error: Table 'crm_dashboard.leads' doesn't exist in engine
[23-May-2025 18:51:53 Europe/Berlin] Dashboard statistics loading error: Table 'crm_dashboard.leads' doesn't exist in engine
[23-May-2025 18:52:09 Europe/Berlin] Query execution error: Table 'crm_dashboard.leads' doesn't exist in engine
[23-May-2025 18:52:09 Europe/Berlin] Dashboard statistics loading error: Table 'crm_dashboard.leads' doesn't exist in engine
[23-May-2025 19:00:02 Europe/Berlin] Query execution error: Table 'crm_dashboard.leads' doesn't exist in engine
[23-May-2025 19:00:02 Europe/Berlin] Dashboard statistics loading error: Table 'crm_dashboard.leads' doesn't exist in engine
[23-May-2025 19:01:54 Europe/Berlin] Query execution error: Table 'crm_dashboard.leads' doesn't exist in engine
[23-May-2025 19:01:54 Europe/Berlin] Dashboard statistics loading error: Table 'crm_dashboard.leads' doesn't exist in engine
[23-May-2025 19:03:40 Europe/Berlin] Query execution error: Table 'crm_dashboard.leads' doesn't exist in engine
[23-May-2025 19:03:40 Europe/Berlin] Dashboard statistics loading error: Table 'crm_dashboard.leads' doesn't exist in engine
[23-May-2025 19:05:00 Europe/Berlin] Query execution error: Table 'crm_dashboard.leads' doesn't exist in engine
[23-May-2025 19:05:00 Europe/Berlin] Dashboard statistics loading error: Table 'crm_dashboard.leads' doesn't exist in engine
[23-May-2025 19:05:12 Europe/Berlin] Query execution error: Table 'crm_dashboard.leads' doesn't exist in engine
[23-May-2025 19:05:12 Europe/Berlin] Dashboard statistics loading error: Table 'crm_dashboard.leads' doesn't exist in engine
[23-May-2025 19:06:21 Europe/Berlin] Query execution error: Table 'crm_dashboard.leads' doesn't exist in engine
[23-May-2025 19:06:21 Europe/Berlin] Dashboard statistics loading error: Table 'crm_dashboard.leads' doesn't exist in engine
[23-May-2025 19:12:25 Europe/Berlin] Query execution error: Table 'crm_dashboard.leads' doesn't exist in engine
[23-May-2025 19:12:25 Europe/Berlin] Dashboard statistics loading error: Table 'crm_dashboard.leads' doesn't exist in engine
[23-May-2025 19:13:36 Europe/Berlin] Query execution error: Table 'crm_dashboard.leads' doesn't exist in engine
[23-May-2025 19:13:36 Europe/Berlin] Dashboard statistics loading error: Table 'crm_dashboard.leads' doesn't exist in engine
[23-May-2025 19:26:33 Europe/Berlin] Query execution error: Table 'crm_dashboard.leads' doesn't exist in engine
[23-May-2025 19:26:33 Europe/Berlin] Dashboard statistics loading error: Table 'crm_dashboard.leads' doesn't exist in engine
[23-May-2025 19:26:52 Europe/Berlin] Query execution error: Table 'crm_dashboard.leads' doesn't exist in engine
[23-May-2025 19:26:52 Europe/Berlin] Dashboard statistics loading error: Table 'crm_dashboard.leads' doesn't exist in engine
[23-May-2025 19:27:17 Europe/Berlin] Query execution error: Table 'crm_dashboard.leads' doesn't exist in engine
[23-May-2025 19:27:17 Europe/Berlin] Dashboard statistics loading error: Table 'crm_dashboard.leads' doesn't exist in engine
[23-May-2025 19:27:37 Europe/Berlin] Query execution error: Table 'crm_dashboard.leads' doesn't exist in engine
[23-May-2025 19:27:37 Europe/Berlin] Dashboard statistics loading error: Table 'crm_dashboard.leads' doesn't exist in engine
[23-May-2025 19:27:58 Europe/Berlin] Query execution error: Table 'crm_dashboard.leads' doesn't exist in engine
[23-May-2025 19:27:58 Europe/Berlin] Dashboard statistics loading error: Table 'crm_dashboard.leads' doesn't exist in engine
[23-May-2025 19:29:03 Europe/Berlin] Query execution error: Table 'crm_dashboard.leads' doesn't exist in engine
[23-May-2025 19:29:03 Europe/Berlin] Dashboard statistics loading error: Table 'crm_dashboard.leads' doesn't exist in engine
[23-May-2025 19:29:09 Europe/Berlin] Query execution error: Table 'crm_dashboard.leads' doesn't exist in engine
[23-May-2025 19:29:09 Europe/Berlin] Dashboard statistics loading error: Table 'crm_dashboard.leads' doesn't exist in engine
[23-May-2025 19:29:16 Europe/Berlin] Query execution error: Table 'crm_dashboard.leads' doesn't exist in engine
[23-May-2025 19:29:16 Europe/Berlin] Dashboard statistics loading error: Table 'crm_dashboard.leads' doesn't exist in engine
[23-May-2025 19:31:49 Europe/Berlin] Query execution error: Table 'crm_dashboard.leads' doesn't exist in engine
[23-May-2025 19:31:49 Europe/Berlin] Dashboard statistics loading error: Table 'crm_dashboard.leads' doesn't exist in engine
[23-May-2025 19:36:25 Europe/Berlin] Query execution error: Table 'crm_dashboard.leads' doesn't exist in engine
[23-May-2025 19:36:25 Europe/Berlin] Dashboard statistics loading error: Table 'crm_dashboard.leads' doesn't exist in engine
[23-May-2025 19:43:38 Europe/Berlin] Query execution error: Table 'crm_dashboard.leads' doesn't exist in engine
[23-May-2025 19:43:38 Europe/Berlin] Dashboard statistics loading error: Table 'crm_dashboard.leads' doesn't exist in engine
[23-May-2025 19:49:31 Europe/Berlin] Query execution error: Table 'crm_dashboard.leads' doesn't exist in engine
[23-May-2025 19:49:31 Europe/Berlin] Dashboard statistics loading error: Table 'crm_dashboard.leads' doesn't exist in engine
[23-May-2025 19:50:47 Europe/Berlin] Query execution error: Table 'crm_dashboard.leads' doesn't exist in engine
[23-May-2025 19:50:47 Europe/Berlin] Dashboard statistics loading error: Table 'crm_dashboard.leads' doesn't exist in engine
[23-May-2025 19:57:35 Europe/Berlin] Query execution error: Table 'crm_dashboard.leads' doesn't exist in engine
[23-May-2025 19:57:35 Europe/Berlin] Dashboard statistics loading error: Table 'crm_dashboard.leads' doesn't exist in engine
[23-May-2025 19:57:50 Europe/Berlin] Query execution error: Table 'crm_dashboard.leads' doesn't exist in engine
[23-May-2025 19:57:50 Europe/Berlin] Dashboard statistics loading error: Table 'crm_dashboard.leads' doesn't exist in engine
[23-May-2025 19:58:46 Europe/Berlin] Query execution error: Table 'crm_dashboard.leads' doesn't exist in engine
[23-May-2025 19:58:46 Europe/Berlin] Dashboard statistics loading error: Table 'crm_dashboard.leads' doesn't exist in engine
[23-May-2025 19:58:56 Europe/Berlin] Query execution error: Table 'crm_dashboard.leads' doesn't exist in engine
[23-May-2025 19:58:56 Europe/Berlin] Dashboard statistics loading error: Table 'crm_dashboard.leads' doesn't exist in engine
[23-May-2025 19:59:10 Europe/Berlin] Query execution error: Table 'crm_dashboard.leads' doesn't exist in engine
[23-May-2025 19:59:10 Europe/Berlin] Dashboard statistics loading error: Table 'crm_dashboard.leads' doesn't exist in engine
[23-May-2025 19:59:12 Europe/Berlin] Query execution error: Table 'crm_dashboard.leads' doesn't exist in engine
[23-May-2025 19:59:12 Europe/Berlin] Dashboard statistics loading error: Table 'crm_dashboard.leads' doesn't exist in engine
[23-May-2025 19:59:24 Europe/Berlin] Query execution error: Table 'crm_dashboard.leads' doesn't exist in engine
[23-May-2025 19:59:24 Europe/Berlin] Dashboard statistics loading error: Table 'crm_dashboard.leads' doesn't exist in engine
[23-May-2025 20:00:16 Europe/Berlin] Query execution error: Table 'crm_dashboard.leads' doesn't exist in engine
[23-May-2025 20:00:16 Europe/Berlin] Dashboard statistics loading error: Table 'crm_dashboard.leads' doesn't exist in engine
[23-May-2025 20:01:04 Europe/Berlin] Query execution error: Table 'crm_dashboard.leads' doesn't exist in engine
[23-May-2025 20:01:04 Europe/Berlin] Dashboard statistics loading error: Table 'crm_dashboard.leads' doesn't exist in engine
[23-May-2025 20:01:35 Europe/Berlin] Query execution error: Table 'crm_dashboard.leads' doesn't exist in engine
[23-May-2025 20:01:35 Europe/Berlin] Dashboard statistics loading error: Table 'crm_dashboard.leads' doesn't exist in engine
[23-May-2025 20:01:50 Europe/Berlin] Query execution error: Table 'crm_dashboard.leads' doesn't exist in engine
[23-May-2025 20:01:50 Europe/Berlin] Dashboard statistics loading error: Table 'crm_dashboard.leads' doesn't exist in engine
[23-May-2025 20:02:29 Europe/Berlin] Query execution error: Table 'crm_dashboard.leads' doesn't exist in engine
[23-May-2025 20:02:29 Europe/Berlin] Dashboard statistics loading error: Table 'crm_dashboard.leads' doesn't exist in engine
[23-May-2025 20:03:01 Europe/Berlin] Query execution error: Table 'crm_dashboard.leads' doesn't exist in engine
[23-May-2025 20:03:01 Europe/Berlin] Dashboard statistics loading error: Table 'crm_dashboard.leads' doesn't exist in engine
[23-May-2025 20:03:45 Europe/Berlin] Query execution error: Table 'crm_dashboard.leads' doesn't exist in engine
[23-May-2025 20:03:45 Europe/Berlin] Dashboard statistics loading error: Table 'crm_dashboard.leads' doesn't exist in engine
[23-May-2025 20:03:50 Europe/Berlin] Query execution error: Table 'crm_dashboard.leads' doesn't exist in engine
[23-May-2025 20:03:50 Europe/Berlin] Dashboard statistics loading error: Table 'crm_dashboard.leads' doesn't exist in engine
[23-May-2025 20:03:51 Europe/Berlin] Query execution error: Table 'crm_dashboard.leads' doesn't exist in engine
[23-May-2025 20:03:51 Europe/Berlin] Dashboard statistics loading error: Table 'crm_dashboard.leads' doesn't exist in engine
[23-May-2025 20:04:02 Europe/Berlin] Query execution error: Table 'crm_dashboard.leads' doesn't exist in engine
[23-May-2025 20:04:02 Europe/Berlin] Dashboard statistics loading error: Table 'crm_dashboard.leads' doesn't exist in engine
[23-May-2025 20:07:47 Europe/Berlin] Query execution error: Table 'crm_dashboard.leads' doesn't exist in engine
[23-May-2025 20:07:47 Europe/Berlin] Dashboard statistics loading error: Table 'crm_dashboard.leads' doesn't exist in engine
[23-May-2025 20:08:28 Europe/Berlin] Query execution error: Table 'crm_dashboard.leads' doesn't exist in engine
[23-May-2025 20:08:28 Europe/Berlin] Dashboard statistics loading error: Table 'crm_dashboard.leads' doesn't exist in engine
[23-May-2025 20:08:37 Europe/Berlin] Query execution error: Table 'crm_dashboard.leads' doesn't exist in engine
[23-May-2025 20:08:37 Europe/Berlin] Dashboard statistics loading error: Table 'crm_dashboard.leads' doesn't exist in engine
[23-May-2025 20:11:54 Europe/Berlin] Query execution error: Table 'crm_dashboard.leads' doesn't exist in engine
[23-May-2025 20:11:54 Europe/Berlin] Dashboard statistics loading error: Table 'crm_dashboard.leads' doesn't exist in engine
[23-May-2025 20:19:42 Europe/Berlin] Query execution error: Table 'crm_dashboard.leads' doesn't exist in engine
[23-May-2025 20:19:42 Europe/Berlin] Dashboard statistics loading error: Table 'crm_dashboard.leads' doesn't exist in engine
[23-May-2025 20:30:32 Europe/Berlin] Query execution error: Table 'crm_dashboard.leads' doesn't exist in engine
[23-May-2025 20:30:32 Europe/Berlin] Dashboard statistics loading error: Table 'crm_dashboard.leads' doesn't exist in engine
[23-May-2025 20:30:32 Europe/Berlin] PHP Warning:  Undefined variable $statsResult in C:\xampp\htdocs\Lead-Management-System\dashboard\dashboard.php on line 82
[23-May-2025 20:30:32 Europe/Berlin] PHP Warning:  Undefined variable $statsResult in C:\xampp\htdocs\Lead-Management-System\dashboard\dashboard.php on line 83
[23-May-2025 20:30:32 Europe/Berlin] PHP Warning:  Undefined variable $statsResult in C:\xampp\htdocs\Lead-Management-System\dashboard\dashboard.php on line 84
[23-May-2025 20:30:47 Europe/Berlin] Query execution error: Table 'crm_dashboard.leads' doesn't exist in engine
[23-May-2025 20:30:47 Europe/Berlin] Dashboard statistics loading error: Table 'crm_dashboard.leads' doesn't exist in engine
[23-May-2025 20:40:40 Europe/Berlin] Query execution error: Table 'crm_dashboard.leads' doesn't exist in engine
[23-May-2025 20:40:40 Europe/Berlin] Dashboard statistics loading error: Table 'crm_dashboard.leads' doesn't exist in engine
[23-May-2025 20:47:05 Europe/Berlin] Query execution error: Table 'crm_dashboard.leads' doesn't exist in engine
[23-May-2025 20:47:05 Europe/Berlin] Dashboard statistics loading error: Table 'crm_dashboard.leads' doesn't exist in engine
[23-May-2025 20:49:27 Europe/Berlin] Query execution error: Table 'crm_dashboard.leads' doesn't exist in engine
[23-May-2025 20:49:27 Europe/Berlin] Dashboard statistics loading error: Table 'crm_dashboard.leads' doesn't exist in engine
[24-May-2025 04:45:13 Europe/Berlin] Query execution error: Table 'crm_dashboard.leads' doesn't exist in engine
[24-May-2025 04:45:13 Europe/Berlin] Dashboard statistics loading error: Table 'crm_dashboard.leads' doesn't exist in engine
[24-May-2025 04:46:32 Europe/Berlin] Query execution error: Table 'crm_dashboard.leads' doesn't exist in engine
[24-May-2025 04:46:32 Europe/Berlin] Dashboard statistics loading error: Table 'crm_dashboard.leads' doesn't exist in engine
[24-May-2025 04:46:41 Europe/Berlin] Query execution error: Table 'crm_dashboard.leads' doesn't exist in engine
[24-May-2025 04:46:41 Europe/Berlin] Dashboard statistics loading error: Table 'crm_dashboard.leads' doesn't exist in engine
[24-May-2025 04:46:43 Europe/Berlin] Query execution error: Table 'crm_dashboard.leads' doesn't exist in engine
[24-May-2025 04:46:43 Europe/Berlin] Dashboard statistics loading error: Table 'crm_dashboard.leads' doesn't exist in engine
[24-May-2025 04:46:48 Europe/Berlin] Query execution error: Table 'crm_dashboard.leads' doesn't exist in engine
[24-May-2025 04:46:48 Europe/Berlin] Dashboard statistics loading error: Table 'crm_dashboard.leads' doesn't exist in engine
[24-May-2025 04:47:27 Europe/Berlin] Query execution error: Table 'crm_dashboard.leads' doesn't exist in engine
[24-May-2025 04:47:27 Europe/Berlin] Dashboard statistics loading error: Table 'crm_dashboard.leads' doesn't exist in engine
[24-May-2025 04:47:43 Europe/Berlin] Query execution error: Table 'crm_dashboard.leads' doesn't exist in engine
[24-May-2025 04:47:43 Europe/Berlin] Dashboard statistics loading error: Table 'crm_dashboard.leads' doesn't exist in engine
[24-May-2025 04:48:46 Europe/Berlin] Query execution error: Table 'crm_dashboard.leads' doesn't exist in engine
[24-May-2025 04:48:46 Europe/Berlin] Dashboard statistics loading error: Table 'crm_dashboard.leads' doesn't exist in engine
[24-May-2025 04:49:18 Europe/Berlin] Query execution error: Table 'crm_dashboard.leads' doesn't exist in engine
[24-May-2025 04:49:18 Europe/Berlin] Dashboard statistics loading error: Table 'crm_dashboard.leads' doesn't exist in engine
[24-May-2025 04:49:23 Europe/Berlin] Query execution error: Table 'crm_dashboard.leads' doesn't exist in engine
[24-May-2025 04:49:23 Europe/Berlin] Dashboard statistics loading error: Table 'crm_dashboard.leads' doesn't exist in engine
[24-May-2025 04:51:43 Europe/Berlin] Query execution error: Table 'crm_dashboard.leads' doesn't exist in engine
[24-May-2025 04:51:43 Europe/Berlin] Dashboard statistics loading error: Table 'crm_dashboard.leads' doesn't exist in engine
[24-May-2025 04:54:13 Europe/Berlin] Query execution error: Table 'crm_dashboard.leads' doesn't exist in engine
[24-May-2025 04:54:13 Europe/Berlin] Dashboard statistics loading error: Table 'crm_dashboard.leads' doesn't exist in engine
[24-May-2025 04:59:10 Europe/Berlin] Query execution error: Table 'crm_dashboard.leads' doesn't exist in engine
[24-May-2025 04:59:10 Europe/Berlin] Dashboard statistics loading error: Table 'crm_dashboard.leads' doesn't exist in engine
[24-May-2025 04:59:40 Europe/Berlin] Query execution error: Table 'crm_dashboard.leads' doesn't exist in engine
[24-May-2025 04:59:40 Europe/Berlin] Dashboard statistics loading error: Table 'crm_dashboard.leads' doesn't exist in engine
[24-May-2025 05:02:22 Europe/Berlin] Query execution error: Table 'crm_dashboard.leads' doesn't exist in engine
[24-May-2025 05:02:22 Europe/Berlin] Dashboard statistics loading error: Table 'crm_dashboard.leads' doesn't exist in engine
[24-May-2025 05:02:26 Europe/Berlin] Query execution error: Table 'crm_dashboard.leads' doesn't exist in engine
[24-May-2025 05:02:26 Europe/Berlin] Dashboard statistics loading error: Table 'crm_dashboard.leads' doesn't exist in engine
[24-May-2025 05:02:49 Europe/Berlin] Query execution error: Table 'crm_dashboard.leads' doesn't exist in engine
[24-May-2025 05:02:49 Europe/Berlin] Dashboard statistics loading error: Table 'crm_dashboard.leads' doesn't exist in engine
[24-May-2025 05:03:12 Europe/Berlin] Query execution error: Table 'crm_dashboard.leads' doesn't exist in engine
[24-May-2025 05:03:12 Europe/Berlin] Dashboard statistics loading error: Table 'crm_dashboard.leads' doesn't exist in engine
[24-May-2025 05:03:16 Europe/Berlin] Query execution error: Table 'crm_dashboard.leads' doesn't exist in engine
[24-May-2025 05:03:16 Europe/Berlin] Dashboard statistics loading error: Table 'crm_dashboard.leads' doesn't exist in engine
[24-May-2025 05:05:15 Europe/Berlin] Query execution error: Table 'crm_dashboard.leads' doesn't exist in engine
[24-May-2025 05:05:15 Europe/Berlin] Dashboard statistics loading error: Table 'crm_dashboard.leads' doesn't exist in engine
[24-May-2025 05:15:45 Europe/Berlin] Query execution error: Table 'crm_dashboard.leads' doesn't exist in engine
[24-May-2025 05:15:45 Europe/Berlin] Dashboard statistics loading error: Table 'crm_dashboard.leads' doesn't exist in engine
[24-May-2025 05:17:45 Europe/Berlin] Query execution error: Table 'crm_dashboard.leads' doesn't exist in engine
[24-May-2025 05:17:45 Europe/Berlin] Dashboard statistics loading error: Table 'crm_dashboard.leads' doesn't exist in engine
[24-May-2025 05:18:01 Europe/Berlin] Query execution error: Table 'crm_dashboard.leads' doesn't exist in engine
[24-May-2025 05:18:01 Europe/Berlin] Dashboard statistics loading error: Table 'crm_dashboard.leads' doesn't exist in engine
[24-May-2025 05:20:18 Europe/Berlin] Query execution error: Table 'crm_dashboard.leads' doesn't exist in engine
[24-May-2025 05:20:18 Europe/Berlin] Dashboard statistics loading error: Table 'crm_dashboard.leads' doesn't exist in engine
[24-May-2025 05:33:11 Europe/Berlin] Query execution error: Table 'crm_dashboard.leads' doesn't exist in engine
[24-May-2025 05:33:11 Europe/Berlin] Dashboard statistics loading error: Table 'crm_dashboard.leads' doesn't exist in engine
[24-May-2025 05:35:35 Europe/Berlin] Query execution error: Table 'crm_dashboard.leads' doesn't exist in engine
[24-May-2025 05:35:35 Europe/Berlin] Dashboard statistics loading error: Table 'crm_dashboard.leads' doesn't exist in engine
[24-May-2025 05:38:12 Europe/Berlin] Query execution error: Table 'crm_dashboard.leads' doesn't exist in engine
[24-May-2025 05:38:12 Europe/Berlin] Dashboard statistics loading error: Table 'crm_dashboard.leads' doesn't exist in engine
[24-May-2025 05:38:13 Europe/Berlin] Query execution error: Table 'crm_dashboard.leads' doesn't exist in engine
[24-May-2025 05:38:13 Europe/Berlin] Dashboard statistics loading error: Table 'crm_dashboard.leads' doesn't exist in engine
[24-May-2025 05:39:41 Europe/Berlin] Query execution error: Table 'crm_dashboard.leads' doesn't exist in engine
[24-May-2025 05:39:41 Europe/Berlin] Dashboard statistics loading error: Table 'crm_dashboard.leads' doesn't exist in engine
[24-May-2025 05:39:56 Europe/Berlin] Query execution error: Table 'crm_dashboard.leads' doesn't exist in engine
[24-May-2025 05:39:56 Europe/Berlin] Dashboard statistics loading error: Table 'crm_dashboard.leads' doesn't exist in engine
[24-May-2025 05:40:42 Europe/Berlin] Query execution error: Table 'crm_dashboard.leads' doesn't exist in engine
[24-May-2025 05:40:42 Europe/Berlin] Dashboard statistics loading error: Table 'crm_dashboard.leads' doesn't exist in engine
[24-May-2025 05:42:19 Europe/Berlin] Query execution error: Table 'crm_dashboard.leads' doesn't exist in engine
[24-May-2025 05:42:19 Europe/Berlin] Dashboard statistics loading error: Table 'crm_dashboard.leads' doesn't exist in engine
[24-May-2025 05:42:43 Europe/Berlin] Query execution error: Table 'crm_dashboard.leads' doesn't exist in engine
[24-May-2025 05:42:43 Europe/Berlin] Dashboard statistics loading error: Table 'crm_dashboard.leads' doesn't exist in engine
[24-May-2025 07:02:36 Europe/Berlin] Query execution error: Table 'crm_dashboard.leads' doesn't exist in engine
[24-May-2025 07:02:36 Europe/Berlin] Dashboard statistics loading error: Table 'crm_dashboard.leads' doesn't exist in engine
[24-May-2025 07:12:00 Europe/Berlin] Query execution error: Table 'crm_dashboard.leads' doesn't exist in engine
[24-May-2025 07:12:00 Europe/Berlin] Dashboard statistics loading error: Table 'crm_dashboard.leads' doesn't exist in engine
[24-May-2025 07:28:24 Europe/Berlin] Query execution error: Table 'crm_dashboard.leads' doesn't exist in engine
[24-May-2025 07:28:24 Europe/Berlin] Dashboard statistics loading error: Table 'crm_dashboard.leads' doesn't exist in engine
[24-May-2025 07:31:51 Europe/Berlin] Query execution error: Table 'crm_dashboard.leads' doesn't exist in engine
[24-May-2025 07:31:51 Europe/Berlin] Dashboard statistics loading error: Table 'crm_dashboard.leads' doesn't exist in engine
[24-May-2025 07:32:00 Europe/Berlin] Query execution error: Table 'crm_dashboard.leads' doesn't exist in engine
[24-May-2025 07:32:00 Europe/Berlin] Dashboard statistics loading error: Table 'crm_dashboard.leads' doesn't exist in engine
[24-May-2025 07:34:06 Europe/Berlin] Query execution error: Table 'crm_dashboard.leads' doesn't exist in engine
[24-May-2025 07:34:06 Europe/Berlin] Dashboard statistics loading error: Table 'crm_dashboard.leads' doesn't exist in engine
[24-May-2025 07:34:09 Europe/Berlin] Query execution error: Table 'crm_dashboard.leads' doesn't exist in engine
[24-May-2025 07:34:09 Europe/Berlin] Dashboard statistics loading error: Table 'crm_dashboard.leads' doesn't exist in engine
[24-May-2025 07:34:10 Europe/Berlin] Query execution error: Table 'crm_dashboard.leads' doesn't exist in engine
[24-May-2025 07:34:10 Europe/Berlin] Dashboard statistics loading error: Table 'crm_dashboard.leads' doesn't exist in engine
[24-May-2025 07:34:10 Europe/Berlin] Query execution error: Table 'crm_dashboard.leads' doesn't exist in engine
[24-May-2025 07:34:10 Europe/Berlin] Dashboard statistics loading error: Table 'crm_dashboard.leads' doesn't exist in engine
[24-May-2025 07:34:10 Europe/Berlin] Query execution error: Table 'crm_dashboard.leads' doesn't exist in engine
[24-May-2025 07:34:10 Europe/Berlin] Dashboard statistics loading error: Table 'crm_dashboard.leads' doesn't exist in engine
[24-May-2025 07:34:10 Europe/Berlin] Query execution error: Table 'crm_dashboard.leads' doesn't exist in engine
[24-May-2025 07:34:10 Europe/Berlin] Dashboard statistics loading error: Table 'crm_dashboard.leads' doesn't exist in engine
[24-May-2025 07:34:10 Europe/Berlin] Query execution error: Table 'crm_dashboard.leads' doesn't exist in engine
[24-May-2025 07:34:10 Europe/Berlin] Dashboard statistics loading error: Table 'crm_dashboard.leads' doesn't exist in engine
[24-May-2025 07:35:12 Europe/Berlin] Query execution error: Table 'crm_dashboard.leads' doesn't exist in engine
[24-May-2025 07:35:12 Europe/Berlin] Dashboard statistics loading error: Table 'crm_dashboard.leads' doesn't exist in engine
[24-May-2025 07:35:14 Europe/Berlin] Query execution error: Table 'crm_dashboard.leads' doesn't exist in engine
[24-May-2025 07:35:14 Europe/Berlin] Dashboard statistics loading error: Table 'crm_dashboard.leads' doesn't exist in engine
[24-May-2025 07:37:00 Europe/Berlin] Query execution error: Table 'crm_dashboard.leads' doesn't exist in engine
[24-May-2025 07:37:00 Europe/Berlin] Dashboard statistics loading error: Table 'crm_dashboard.leads' doesn't exist in engine
[24-May-2025 07:38:13 Europe/Berlin] Query execution error: Table 'crm_dashboard.leads' doesn't exist in engine
[24-May-2025 07:38:13 Europe/Berlin] Dashboard statistics loading error: Table 'crm_dashboard.leads' doesn't exist in engine
[24-May-2025 07:38:45 Europe/Berlin] Query execution error: Table 'crm_dashboard.leads' doesn't exist in engine
[24-May-2025 07:38:45 Europe/Berlin] Dashboard statistics loading error: Table 'crm_dashboard.leads' doesn't exist in engine
[24-May-2025 07:38:59 Europe/Berlin] Query execution error: Table 'crm_dashboard.leads' doesn't exist in engine
[24-May-2025 07:38:59 Europe/Berlin] Dashboard statistics loading error: Table 'crm_dashboard.leads' doesn't exist in engine
[24-May-2025 07:39:51 Europe/Berlin] Query execution error: Table 'crm_dashboard.leads' doesn't exist in engine
[24-May-2025 07:39:51 Europe/Berlin] Dashboard statistics loading error: Table 'crm_dashboard.leads' doesn't exist in engine
[24-May-2025 07:40:42 Europe/Berlin] Query execution error: Table 'crm_dashboard.leads' doesn't exist in engine
[24-May-2025 07:40:42 Europe/Berlin] Dashboard statistics loading error: Table 'crm_dashboard.leads' doesn't exist in engine
[24-May-2025 07:46:56 Europe/Berlin] Query execution error: Table 'crm_dashboard.leads' doesn't exist in engine
[24-May-2025 07:46:56 Europe/Berlin] Dashboard statistics loading error: Table 'crm_dashboard.leads' doesn't exist in engine
[24-May-2025 07:47:05 Europe/Berlin] Query execution error: Table 'crm_dashboard.leads' doesn't exist in engine
[24-May-2025 07:47:05 Europe/Berlin] Dashboard statistics loading error: Table 'crm_dashboard.leads' doesn't exist in engine
[24-May-2025 07:49:42 Europe/Berlin] Query execution error: Table 'crm_dashboard.leads' doesn't exist in engine
[24-May-2025 07:49:42 Europe/Berlin] Dashboard statistics loading error: Table 'crm_dashboard.leads' doesn't exist in engine
[24-May-2025 07:49:56 Europe/Berlin] Query execution error: Table 'crm_dashboard.leads' doesn't exist in engine
[24-May-2025 07:49:56 Europe/Berlin] Dashboard statistics loading error: Table 'crm_dashboard.leads' doesn't exist in engine
[24-May-2025 07:51:08 Europe/Berlin] Query execution error: Table 'crm_dashboard.leads' doesn't exist in engine
[24-May-2025 07:51:08 Europe/Berlin] Dashboard statistics loading error: Table 'crm_dashboard.leads' doesn't exist in engine
[24-May-2025 07:56:37 Europe/Berlin] Query execution error: Table 'crm_dashboard.leads' doesn't exist in engine
[24-May-2025 07:56:37 Europe/Berlin] Dashboard statistics loading error: Table 'crm_dashboard.leads' doesn't exist in engine
[24-May-2025 07:57:39 Europe/Berlin] Query execution error: Table 'crm_dashboard.leads' doesn't exist in engine
[24-May-2025 07:57:39 Europe/Berlin] Dashboard statistics loading error: Table 'crm_dashboard.leads' doesn't exist in engine
[24-May-2025 07:57:46 Europe/Berlin] Query execution error: Table 'crm_dashboard.leads' doesn't exist in engine
[24-May-2025 07:57:46 Europe/Berlin] Dashboard statistics loading error: Table 'crm_dashboard.leads' doesn't exist in engine
[24-May-2025 07:59:40 Europe/Berlin] Query execution error: Table 'crm_dashboard.leads' doesn't exist in engine
[24-May-2025 07:59:40 Europe/Berlin] Dashboard statistics loading error: Table 'crm_dashboard.leads' doesn't exist in engine
[24-May-2025 08:01:47 Europe/Berlin] Query execution error: Table 'crm_dashboard.leads' doesn't exist in engine
[24-May-2025 08:01:47 Europe/Berlin] Dashboard statistics loading error: Table 'crm_dashboard.leads' doesn't exist in engine
[24-May-2025 08:04:42 Europe/Berlin] Query execution error: Table 'crm_dashboard.leads' doesn't exist in engine
[24-May-2025 08:04:42 Europe/Berlin] Dashboard statistics loading error: Table 'crm_dashboard.leads' doesn't exist in engine
[24-May-2025 08:06:16 Europe/Berlin] Query execution error: Table 'crm_dashboard.leads' doesn't exist in engine
[24-May-2025 08:06:16 Europe/Berlin] Dashboard statistics loading error: Table 'crm_dashboard.leads' doesn't exist in engine
[24-May-2025 08:22:25 Europe/Berlin] Query execution error: Table 'crm_dashboard.leads' doesn't exist in engine
[24-May-2025 08:22:25 Europe/Berlin] Dashboard statistics loading error: Table 'crm_dashboard.leads' doesn't exist in engine
[24-May-2025 08:22:39 Europe/Berlin] Query execution error: Table 'crm_dashboard.leads' doesn't exist in engine
[24-May-2025 08:22:39 Europe/Berlin] Dashboard statistics loading error: Table 'crm_dashboard.leads' doesn't exist in engine
[24-May-2025 08:24:35 Europe/Berlin] Query execution error: Table 'crm_dashboard.leads' doesn't exist in engine
[24-May-2025 08:24:35 Europe/Berlin] Dashboard statistics loading error: Table 'crm_dashboard.leads' doesn't exist in engine
[24-May-2025 08:25:54 Europe/Berlin] Query execution error: Table 'crm_dashboard.leads' doesn't exist in engine
[24-May-2025 08:25:54 Europe/Berlin] Dashboard statistics loading error: Table 'crm_dashboard.leads' doesn't exist in engine
[24-May-2025 08:26:04 Europe/Berlin] Query execution error: Cannot add or update a child row: a foreign key constraint fails (`crm_dashboard`.`login_history`, CONSTRAINT `login_history_ibfk_1` FOREIGN KEY (`user_id`) REFERENCES `users` (`id`) ON DELETE CASCADE)
[24-May-2025 08:26:04 Europe/Berlin] Login error: Cannot add or update a child row: a foreign key constraint fails (`crm_dashboard`.`login_history`, CONSTRAINT `login_history_ibfk_1` FOREIGN KEY (`user_id`) REFERENCES `users` (`id`) ON DELETE CASCADE)
[24-May-2025 08:26:45 Europe/Berlin] Query execution error: Table 'crm_dashboard.leads' doesn't exist in engine
[24-May-2025 08:26:45 Europe/Berlin] Dashboard statistics loading error: Table 'crm_dashboard.leads' doesn't exist in engine
[24-May-2025 08:28:18 Europe/Berlin] Query execution error: Table 'crm_dashboard.leads' doesn't exist in engine
[24-May-2025 08:28:18 Europe/Berlin] Dashboard statistics loading error: Table 'crm_dashboard.leads' doesn't exist in engine
[24-May-2025 08:28:19 Europe/Berlin] Query execution error: Table 'crm_dashboard.leads' doesn't exist in engine
[24-May-2025 08:28:19 Europe/Berlin] Dashboard statistics loading error: Table 'crm_dashboard.leads' doesn't exist in engine
[24-May-2025 08:28:19 Europe/Berlin] Query execution error: Table 'crm_dashboard.leads' doesn't exist in engine
[24-May-2025 08:28:19 Europe/Berlin] Dashboard statistics loading error: Table 'crm_dashboard.leads' doesn't exist in engine
[24-May-2025 08:28:24 Europe/Berlin] Query execution error: Table 'crm_dashboard.leads' doesn't exist in engine
[24-May-2025 08:28:24 Europe/Berlin] Dashboard statistics loading error: Table 'crm_dashboard.leads' doesn't exist in engine
[24-May-2025 08:28:55 Europe/Berlin] Query execution error: Table 'crm_dashboard.leads' doesn't exist in engine
[24-May-2025 08:28:55 Europe/Berlin] Dashboard statistics loading error: Table 'crm_dashboard.leads' doesn't exist in engine
[24-May-2025 08:35:43 Europe/Berlin] Query execution error: Table 'crm_dashboard.leads' doesn't exist in engine
[24-May-2025 08:35:43 Europe/Berlin] Dashboard statistics loading error: Table 'crm_dashboard.leads' doesn't exist in engine
[24-May-2025 08:35:44 Europe/Berlin] Query execution error: Table 'crm_dashboard.leads' doesn't exist in engine
[24-May-2025 08:35:44 Europe/Berlin] Dashboard statistics loading error: Table 'crm_dashboard.leads' doesn't exist in engine
[24-May-2025 08:35:45 Europe/Berlin] Query execution error: Table 'crm_dashboard.leads' doesn't exist in engine
[24-May-2025 08:35:45 Europe/Berlin] Dashboard statistics loading error: Table 'crm_dashboard.leads' doesn't exist in engine
[24-May-2025 08:35:45 Europe/Berlin] Query execution error: Table 'crm_dashboard.leads' doesn't exist in engine
[24-May-2025 08:35:45 Europe/Berlin] Dashboard statistics loading error: Table 'crm_dashboard.leads' doesn't exist in engine
[24-May-2025 08:35:45 Europe/Berlin] Query execution error: Table 'crm_dashboard.leads' doesn't exist in engine
[24-May-2025 08:35:45 Europe/Berlin] Dashboard statistics loading error: Table 'crm_dashboard.leads' doesn't exist in engine
[24-May-2025 08:35:45 Europe/Berlin] Query execution error: Table 'crm_dashboard.leads' doesn't exist in engine
[24-May-2025 08:35:45 Europe/Berlin] Dashboard statistics loading error: Table 'crm_dashboard.leads' doesn't exist in engine
[24-May-2025 08:35:45 Europe/Berlin] Query execution error: Table 'crm_dashboard.leads' doesn't exist in engine
[24-May-2025 08:35:45 Europe/Berlin] Dashboard statistics loading error: Table 'crm_dashboard.leads' doesn't exist in engine
[24-May-2025 08:35:46 Europe/Berlin] Query execution error: Table 'crm_dashboard.leads' doesn't exist in engine
[24-May-2025 08:35:46 Europe/Berlin] Dashboard statistics loading error: Table 'crm_dashboard.leads' doesn't exist in engine
[24-May-2025 08:35:46 Europe/Berlin] Query execution error: Table 'crm_dashboard.leads' doesn't exist in engine
[24-May-2025 08:35:46 Europe/Berlin] Dashboard statistics loading error: Table 'crm_dashboard.leads' doesn't exist in engine
[24-May-2025 08:35:46 Europe/Berlin] Query execution error: Table 'crm_dashboard.leads' doesn't exist in engine
[24-May-2025 08:35:46 Europe/Berlin] Dashboard statistics loading error: Table 'crm_dashboard.leads' doesn't exist in engine
[24-May-2025 08:35:46 Europe/Berlin] Query execution error: Table 'crm_dashboard.leads' doesn't exist in engine
[24-May-2025 08:35:46 Europe/Berlin] Dashboard statistics loading error: Table 'crm_dashboard.leads' doesn't exist in engine
[24-May-2025 08:35:46 Europe/Berlin] Query execution error: Table 'crm_dashboard.leads' doesn't exist in engine
[24-May-2025 08:35:46 Europe/Berlin] Dashboard statistics loading error: Table 'crm_dashboard.leads' doesn't exist in engine
[24-May-2025 08:35:59 Europe/Berlin] Query execution error: Table 'crm_dashboard.leads' doesn't exist in engine
[24-May-2025 08:35:59 Europe/Berlin] Dashboard statistics loading error: Table 'crm_dashboard.leads' doesn't exist in engine
[24-May-2025 08:40:40 Europe/Berlin] Query execution error: Table 'crm_dashboard.leads' doesn't exist in engine
[24-May-2025 08:40:40 Europe/Berlin] Dashboard statistics loading error: Table 'crm_dashboard.leads' doesn't exist in engine
[24-May-2025 08:41:16 Europe/Berlin] Query execution error: Table 'crm_dashboard.leads' doesn't exist in engine
[24-May-2025 08:41:16 Europe/Berlin] Dashboard statistics loading error: Table 'crm_dashboard.leads' doesn't exist in engine
[24-May-2025 08:41:29 Europe/Berlin] Query execution error: Table 'crm_dashboard.leads' doesn't exist in engine
[24-May-2025 08:41:29 Europe/Berlin] Dashboard statistics loading error: Table 'crm_dashboard.leads' doesn't exist in engine
[24-May-2025 08:41:29 Europe/Berlin] Query execution error: Table 'crm_dashboard.leads' doesn't exist in engine
[24-May-2025 08:41:29 Europe/Berlin] Dashboard statistics loading error: Table 'crm_dashboard.leads' doesn't exist in engine
[24-May-2025 08:53:50 Europe/Berlin] Query execution error: Table 'crm_dashboard.leads' doesn't exist in engine
[24-May-2025 08:53:50 Europe/Berlin] Dashboard statistics loading error: Table 'crm_dashboard.leads' doesn't exist in engine
[24-May-2025 08:56:02 Europe/Berlin] Query execution error: Table 'crm_dashboard.leads' doesn't exist in engine
[24-May-2025 08:56:02 Europe/Berlin] Dashboard statistics loading error: Table 'crm_dashboard.leads' doesn't exist in engine
[24-May-2025 08:56:22 Europe/Berlin] Query execution error: Table 'crm_dashboard.leads' doesn't exist in engine
[24-May-2025 08:56:22 Europe/Berlin] Dashboard statistics loading error: Table 'crm_dashboard.leads' doesn't exist in engine
[24-May-2025 08:56:23 Europe/Berlin] Query execution error: Table 'crm_dashboard.leads' doesn't exist in engine
[24-May-2025 08:56:23 Europe/Berlin] Dashboard statistics loading error: Table 'crm_dashboard.leads' doesn't exist in engine
[24-May-2025 08:56:55 Europe/Berlin] Query execution error: Table 'crm_dashboard.leads' doesn't exist in engine
[24-May-2025 08:56:55 Europe/Berlin] Dashboard statistics loading error: Table 'crm_dashboard.leads' doesn't exist in engine
[24-May-2025 08:56:56 Europe/Berlin] Query execution error: Table 'crm_dashboard.leads' doesn't exist in engine
[24-May-2025 08:56:56 Europe/Berlin] Dashboard statistics loading error: Table 'crm_dashboard.leads' doesn't exist in engine
[24-May-2025 08:56:56 Europe/Berlin] Query execution error: Table 'crm_dashboard.leads' doesn't exist in engine
[24-May-2025 08:56:56 Europe/Berlin] Dashboard statistics loading error: Table 'crm_dashboard.leads' doesn't exist in engine
[24-May-2025 09:00:43 Europe/Berlin] Query execution error: Table 'crm_dashboard.leads' doesn't exist in engine
[24-May-2025 09:00:43 Europe/Berlin] Dashboard statistics loading error: Table 'crm_dashboard.leads' doesn't exist in engine
[24-May-2025 09:04:27 Europe/Berlin] Query execution error: Table 'crm_dashboard.leads' doesn't exist in engine
[24-May-2025 09:04:27 Europe/Berlin] Dashboard statistics loading error: Table 'crm_dashboard.leads' doesn't exist in engine
[24-May-2025 09:06:15 Europe/Berlin] Query execution error: Table 'crm_dashboard.leads' doesn't exist in engine
[24-May-2025 09:06:15 Europe/Berlin] Dashboard statistics loading error: Table 'crm_dashboard.leads' doesn't exist in engine
[24-May-2025 09:12:18 Europe/Berlin] Query execution error: Table 'crm_dashboard.leads' doesn't exist in engine
[24-May-2025 09:12:18 Europe/Berlin] Dashboard statistics loading error: Table 'crm_dashboard.leads' doesn't exist in engine
[24-May-2025 09:14:20 Europe/Berlin] Query execution error: Table 'crm_dashboard.leads' doesn't exist in engine
[24-May-2025 09:14:20 Europe/Berlin] Dashboard statistics loading error: Table 'crm_dashboard.leads' doesn't exist in engine
[24-May-2025 09:15:44 Europe/Berlin] Query execution error: Table 'crm_dashboard.leads' doesn't exist in engine
[24-May-2025 09:15:44 Europe/Berlin] Dashboard statistics loading error: Table 'crm_dashboard.leads' doesn't exist in engine
[24-May-2025 09:16:06 Europe/Berlin] Query execution error: Table 'crm_dashboard.leads' doesn't exist in engine
[24-May-2025 09:16:06 Europe/Berlin] Dashboard statistics loading error: Table 'crm_dashboard.leads' doesn't exist in engine
[24-May-2025 09:17:54 Europe/Berlin] Query execution error: Table 'crm_dashboard.leads' doesn't exist in engine
[24-May-2025 09:17:54 Europe/Berlin] Dashboard statistics loading error: Table 'crm_dashboard.leads' doesn't exist in engine
[24-May-2025 09:17:59 Europe/Berlin] Query execution error: Table 'crm_dashboard.leads' doesn't exist in engine
[24-May-2025 09:17:59 Europe/Berlin] Dashboard statistics loading error: Table 'crm_dashboard.leads' doesn't exist in engine
[24-May-2025 09:17:59 Europe/Berlin] Query execution error: Table 'crm_dashboard.leads' doesn't exist in engine
[24-May-2025 09:17:59 Europe/Berlin] Dashboard statistics loading error: Table 'crm_dashboard.leads' doesn't exist in engine
[24-May-2025 09:17:59 Europe/Berlin] Query execution error: Table 'crm_dashboard.leads' doesn't exist in engine
[24-May-2025 09:17:59 Europe/Berlin] Dashboard statistics loading error: Table 'crm_dashboard.leads' doesn't exist in engine
[24-May-2025 09:21:35 Europe/Berlin] Query execution error: Table 'crm_dashboard.leads' doesn't exist in engine
[24-May-2025 09:21:35 Europe/Berlin] Dashboard statistics loading error: Table 'crm_dashboard.leads' doesn't exist in engine
[24-May-2025 09:21:54 Europe/Berlin] Query execution error: Table 'crm_dashboard.leads' doesn't exist in engine
[24-May-2025 09:21:54 Europe/Berlin] Dashboard statistics loading error: Table 'crm_dashboard.leads' doesn't exist in engine
[24-May-2025 09:22:06 Europe/Berlin] Query execution error: Table 'crm_dashboard.leads' doesn't exist in engine
[24-May-2025 09:22:06 Europe/Berlin] Dashboard statistics loading error: Table 'crm_dashboard.leads' doesn't exist in engine
[24-May-2025 09:27:10 Europe/Berlin] Query execution error: Table 'crm_dashboard.leads' doesn't exist in engine
[24-May-2025 09:27:10 Europe/Berlin] Dashboard statistics loading error: Table 'crm_dashboard.leads' doesn't exist in engine
[24-May-2025 09:29:05 Europe/Berlin] Query execution error: Table 'crm_dashboard.leads' doesn't exist in engine
[24-May-2025 09:29:05 Europe/Berlin] Dashboard statistics loading error: Table 'crm_dashboard.leads' doesn't exist in engine
[24-May-2025 09:34:19 Europe/Berlin] Query execution error: Table 'crm_dashboard.leads' doesn't exist in engine
[24-May-2025 09:34:19 Europe/Berlin] Dashboard statistics loading error: Table 'crm_dashboard.leads' doesn't exist in engine
[24-May-2025 09:35:49 Europe/Berlin] Query execution error: Table 'crm_dashboard.leads' doesn't exist in engine
[24-May-2025 09:35:49 Europe/Berlin] Dashboard statistics loading error: Table 'crm_dashboard.leads' doesn't exist in engine
[24-May-2025 09:35:50 Europe/Berlin] Query execution error: Table 'crm_dashboard.leads' doesn't exist in engine
[24-May-2025 09:35:50 Europe/Berlin] Dashboard statistics loading error: Table 'crm_dashboard.leads' doesn't exist in engine
[24-May-2025 09:36:03 Europe/Berlin] Query execution error: Table 'crm_dashboard.leads' doesn't exist in engine
[24-May-2025 09:36:03 Europe/Berlin] Dashboard statistics loading error: Table 'crm_dashboard.leads' doesn't exist in engine
[24-May-2025 09:36:10 Europe/Berlin] Query execution error: Table 'crm_dashboard.leads' doesn't exist in engine
[24-May-2025 09:36:10 Europe/Berlin] Dashboard statistics loading error: Table 'crm_dashboard.leads' doesn't exist in engine
[24-May-2025 09:38:06 Europe/Berlin] Query execution error: Table 'crm_dashboard.leads' doesn't exist in engine
[24-May-2025 09:38:06 Europe/Berlin] Dashboard statistics loading error: Table 'crm_dashboard.leads' doesn't exist in engine
[24-May-2025 09:40:50 Europe/Berlin] Query execution error: Table 'crm_dashboard.leads' doesn't exist in engine
[24-May-2025 09:40:50 Europe/Berlin] Dashboard statistics loading error: Table 'crm_dashboard.leads' doesn't exist in engine
[24-May-2025 09:47:38 Europe/Berlin] Query execution error: Table 'crm_dashboard.leads' doesn't exist in engine
[24-May-2025 09:47:38 Europe/Berlin] Dashboard statistics loading error: Table 'crm_dashboard.leads' doesn't exist in engine
[24-May-2025 09:49:01 Europe/Berlin] Query execution error: Table 'crm_dashboard.leads' doesn't exist in engine
[24-May-2025 09:49:01 Europe/Berlin] Dashboard statistics loading error: Table 'crm_dashboard.leads' doesn't exist in engine
[24-May-2025 10:04:31 Europe/Berlin] Query execution error: Table 'crm_dashboard.leads' doesn't exist in engine
[24-May-2025 10:04:31 Europe/Berlin] Dashboard statistics loading error: Table 'crm_dashboard.leads' doesn't exist in engine
[24-May-2025 10:07:16 Europe/Berlin] Query execution error: Table 'crm_dashboard.leads' doesn't exist in engine
[24-May-2025 10:07:16 Europe/Berlin] Dashboard statistics loading error: Table 'crm_dashboard.leads' doesn't exist in engine
[24-May-2025 10:08:14 Europe/Berlin] Query execution error: Table 'crm_dashboard.leads' doesn't exist in engine
[24-May-2025 10:08:14 Europe/Berlin] Dashboard statistics loading error: Table 'crm_dashboard.leads' doesn't exist in engine
[24-May-2025 10:08:21 Europe/Berlin] Query execution error: Table 'crm_dashboard.leads' doesn't exist in engine
[24-May-2025 10:08:21 Europe/Berlin] Dashboard statistics loading error: Table 'crm_dashboard.leads' doesn't exist in engine
[24-May-2025 10:12:15 Europe/Berlin] Query execution error: Table 'crm_dashboard.leads' doesn't exist in engine
[24-May-2025 10:12:15 Europe/Berlin] Dashboard statistics loading error: Table 'crm_dashboard.leads' doesn't exist in engine
[24-May-2025 10:12:16 Europe/Berlin] Query execution error: Table 'crm_dashboard.leads' doesn't exist in engine
[24-May-2025 10:12:16 Europe/Berlin] Dashboard statistics loading error: Table 'crm_dashboard.leads' doesn't exist in engine
[24-May-2025 10:12:16 Europe/Berlin] Query execution error: Table 'crm_dashboard.leads' doesn't exist in engine
[24-May-2025 10:12:16 Europe/Berlin] Dashboard statistics loading error: Table 'crm_dashboard.leads' doesn't exist in engine
[24-May-2025 10:12:16 Europe/Berlin] Query execution error: Table 'crm_dashboard.leads' doesn't exist in engine
[24-May-2025 10:12:16 Europe/Berlin] Dashboard statistics loading error: Table 'crm_dashboard.leads' doesn't exist in engine
[24-May-2025 10:12:17 Europe/Berlin] Query execution error: Table 'crm_dashboard.leads' doesn't exist in engine
[24-May-2025 10:12:17 Europe/Berlin] Dashboard statistics loading error: Table 'crm_dashboard.leads' doesn't exist in engine
[24-May-2025 10:12:17 Europe/Berlin] Query execution error: Table 'crm_dashboard.leads' doesn't exist in engine
[24-May-2025 10:12:17 Europe/Berlin] Dashboard statistics loading error: Table 'crm_dashboard.leads' doesn't exist in engine
[24-May-2025 10:12:17 Europe/Berlin] Query execution error: Table 'crm_dashboard.leads' doesn't exist in engine
[24-May-2025 10:12:17 Europe/Berlin] Dashboard statistics loading error: Table 'crm_dashboard.leads' doesn't exist in engine
[24-May-2025 10:12:18 Europe/Berlin] Query execution error: Table 'crm_dashboard.leads' doesn't exist in engine
[24-May-2025 10:12:18 Europe/Berlin] Dashboard statistics loading error: Table 'crm_dashboard.leads' doesn't exist in engine
[24-May-2025 10:12:18 Europe/Berlin] Query execution error: Table 'crm_dashboard.leads' doesn't exist in engine
[24-May-2025 10:12:18 Europe/Berlin] Dashboard statistics loading error: Table 'crm_dashboard.leads' doesn't exist in engine
[24-May-2025 10:12:18 Europe/Berlin] Query execution error: Table 'crm_dashboard.leads' doesn't exist in engine
[24-May-2025 10:12:18 Europe/Berlin] Dashboard statistics loading error: Table 'crm_dashboard.leads' doesn't exist in engine
[24-May-2025 10:12:18 Europe/Berlin] Query execution error: Table 'crm_dashboard.leads' doesn't exist in engine
[24-May-2025 10:12:18 Europe/Berlin] Dashboard statistics loading error: Table 'crm_dashboard.leads' doesn't exist in engine
[24-May-2025 10:12:19 Europe/Berlin] Query execution error: Table 'crm_dashboard.leads' doesn't exist in engine
[24-May-2025 10:12:19 Europe/Berlin] Dashboard statistics loading error: Table 'crm_dashboard.leads' doesn't exist in engine
[24-May-2025 10:12:19 Europe/Berlin] Query execution error: Table 'crm_dashboard.leads' doesn't exist in engine
[24-May-2025 10:12:19 Europe/Berlin] Dashboard statistics loading error: Table 'crm_dashboard.leads' doesn't exist in engine
[24-May-2025 10:12:21 Europe/Berlin] Query execution error: Table 'crm_dashboard.leads' doesn't exist in engine
[24-May-2025 10:12:21 Europe/Berlin] Dashboard statistics loading error: Table 'crm_dashboard.leads' doesn't exist in engine
[24-May-2025 10:19:05 Europe/Berlin] Query execution error: Table 'crm_dashboard.leads' doesn't exist in engine
[24-May-2025 10:19:05 Europe/Berlin] Dashboard statistics loading error: Table 'crm_dashboard.leads' doesn't exist in engine
[24-May-2025 10:24:03 Europe/Berlin] Query execution error: Table 'crm_dashboard.leads' doesn't exist in engine
[24-May-2025 10:24:03 Europe/Berlin] Dashboard statistics loading error: Table 'crm_dashboard.leads' doesn't exist in engine
[24-May-2025 10:24:04 Europe/Berlin] Query execution error: Table 'crm_dashboard.leads' doesn't exist in engine
[24-May-2025 10:24:04 Europe/Berlin] Dashboard statistics loading error: Table 'crm_dashboard.leads' doesn't exist in engine
[24-May-2025 10:29:00 Europe/Berlin] Query execution error: Table 'crm_dashboard.leads' doesn't exist in engine
[24-May-2025 10:29:00 Europe/Berlin] Dashboard statistics loading error: Table 'crm_dashboard.leads' doesn't exist in engine
[24-May-2025 10:29:01 Europe/Berlin] Query execution error: Table 'crm_dashboard.leads' doesn't exist in engine
[24-May-2025 10:29:01 Europe/Berlin] Dashboard statistics loading error: Table 'crm_dashboard.leads' doesn't exist in engine
[24-May-2025 10:31:48 Europe/Berlin] Query execution error: Table 'crm_dashboard.leads' doesn't exist in engine
[24-May-2025 10:31:48 Europe/Berlin] Dashboard statistics loading error: Table 'crm_dashboard.leads' doesn't exist in engine
[24-May-2025 10:32:03 Europe/Berlin] Query execution error: Table 'crm_dashboard.leads' doesn't exist in engine
[24-May-2025 10:32:03 Europe/Berlin] Dashboard statistics loading error: Table 'crm_dashboard.leads' doesn't exist in engine
[24-May-2025 10:33:32 Europe/Berlin] Query execution error: Table 'crm_dashboard.leads' doesn't exist in engine
[24-May-2025 10:33:32 Europe/Berlin] Dashboard statistics loading error: Table 'crm_dashboard.leads' doesn't exist in engine
[24-May-2025 10:33:33 Europe/Berlin] Query execution error: Table 'crm_dashboard.leads' doesn't exist in engine
[24-May-2025 10:33:33 Europe/Berlin] Dashboard statistics loading error: Table 'crm_dashboard.leads' doesn't exist in engine
[24-May-2025 10:34:11 Europe/Berlin] Query execution error: Table 'crm_dashboard.leads' doesn't exist in engine
[24-May-2025 10:34:11 Europe/Berlin] Dashboard statistics loading error: Table 'crm_dashboard.leads' doesn't exist in engine
[24-May-2025 10:34:41 Europe/Berlin] Query execution error: Table 'crm_dashboard.leads' doesn't exist in engine
[24-May-2025 10:34:41 Europe/Berlin] Dashboard statistics loading error: Table 'crm_dashboard.leads' doesn't exist in engine
[24-May-2025 10:35:08 Europe/Berlin] Query execution error: Table 'crm_dashboard.leads' doesn't exist in engine
[24-May-2025 10:35:08 Europe/Berlin] Dashboard statistics loading error: Table 'crm_dashboard.leads' doesn't exist in engine
[24-May-2025 10:35:25 Europe/Berlin] Query execution error: Table 'crm_dashboard.leads' doesn't exist in engine
[24-May-2025 10:35:25 Europe/Berlin] Dashboard statistics loading error: Table 'crm_dashboard.leads' doesn't exist in engine
[24-May-2025 10:37:02 Europe/Berlin] Query execution error: Table 'crm_dashboard.leads' doesn't exist in engine
[24-May-2025 10:37:02 Europe/Berlin] Dashboard statistics loading error: Table 'crm_dashboard.leads' doesn't exist in engine
[24-May-2025 10:37:21 Europe/Berlin] Query execution error: Table 'crm_dashboard.leads' doesn't exist in engine
[24-May-2025 10:37:21 Europe/Berlin] Dashboard statistics loading error: Table 'crm_dashboard.leads' doesn't exist in engine
[24-May-2025 10:37:28 Europe/Berlin] Query execution error: Table 'crm_dashboard.leads' doesn't exist in engine
[24-May-2025 10:37:28 Europe/Berlin] Dashboard statistics loading error: Table 'crm_dashboard.leads' doesn't exist in engine
[24-May-2025 10:38:10 Europe/Berlin] Query execution error: Table 'crm_dashboard.leads' doesn't exist in engine
[24-May-2025 10:38:10 Europe/Berlin] Dashboard statistics loading error: Table 'crm_dashboard.leads' doesn't exist in engine
[24-May-2025 10:40:58 Europe/Berlin] Query execution error: Table 'crm_dashboard.leads' doesn't exist in engine
[24-May-2025 10:40:58 Europe/Berlin] Dashboard statistics loading error: Table 'crm_dashboard.leads' doesn't exist in engine
[24-May-2025 10:43:29 Europe/Berlin] Query execution error: Table 'crm_dashboard.leads' doesn't exist in engine
[24-May-2025 10:43:29 Europe/Berlin] Dashboard statistics loading error: Table 'crm_dashboard.leads' doesn't exist in engine
[24-May-2025 10:56:38 Europe/Berlin] Query execution error: Cannot add or update a child row: a foreign key constraint fails (`crm_dashboard`.`login_history`, CONSTRAINT `login_history_ibfk_1` FOREIGN KEY (`user_id`) REFERENCES `users` (`id`) ON DELETE CASCADE)
[24-May-2025 10:56:38 Europe/Berlin] Login error: Cannot add or update a child row: a foreign key constraint fails (`crm_dashboard`.`login_history`, CONSTRAINT `login_history_ibfk_1` FOREIGN KEY (`user_id`) REFERENCES `users` (`id`) ON DELETE CASCADE)
[25-May-2025 14:51:25 Europe/Berlin] PHP Warning:  Cannot modify header information - headers already sent by (output started at C:\xampp\htdocs\Lead-Management-System\dashboard\tasks.php:1) in C:\xampp\htdocs\Lead-Management-System\dashboard\tasks.php on line 181
[25-May-2025 14:51:25 Europe/Berlin] PHP Warning:  Cannot modify header information - headers already sent by (output started at C:\xampp\htdocs\Lead-Management-System\dashboard\tasks.php:1) in C:\xampp\htdocs\Lead-Management-System\dashboard\tasks.php on line 181
[25-May-2025 17:48:52 Europe/Berlin] PHP Warning:  Undefined array key "user_last_name" in C:\xampp\htdocs\Lead-Management-System\includes\modals\add-lead.php on line 3
[25-May-2025 17:48:56 Europe/Berlin] PHP Warning:  Undefined array key "user_last_name" in C:\xampp\htdocs\Lead-Management-System\includes\modals\add-lead.php on line 3
[25-May-2025 17:49:01 Europe/Berlin] PHP Warning:  Undefined array key "user_last_name" in C:\xampp\htdocs\Lead-Management-System\includes\modals\add-lead.php on line 3
[25-May-2025 17:50:19 Europe/Berlin] PHP Warning:  Undefined array key "user_last_name" in C:\xampp\htdocs\Lead-Management-System\includes\modals\add-lead.php on line 3
[25-May-2025 17:50:21 Europe/Berlin] PHP Warning:  Undefined array key "user_last_name" in C:\xampp\htdocs\Lead-Management-System\includes\modals\add-lead.php on line 3
[25-May-2025 17:58:56 Europe/Berlin] PHP Warning:  Undefined array key "user_last_name" in C:\xampp\htdocs\Lead-Management-System\includes\modals\add-lead.php on line 3
[25-May-2025 17:58:56 Europe/Berlin] PHP Warning:  Undefined array key "user_last_name" in C:\xampp\htdocs\Lead-Management-System\includes\modals\add-lead.php on line 3
[29-May-2025 12:10:08 Europe/Berlin] PHP Warning:  Undefined array key "user_first_name" in C:\xampp\htdocs\Lead-Management-System\dashboard\dashboard.php on line 224
[29-May-2025 12:10:08 Europe/Berlin] PHP Warning:  Undefined array key "user_last_name" in C:\xampp\htdocs\Lead-Management-System\dashboard\dashboard.php on line 224
[29-May-2025 12:10:24 Europe/Berlin] PHP Warning:  Undefined array key "user_first_name" in C:\xampp\htdocs\Lead-Management-System\dashboard\dashboard.php on line 224
[29-May-2025 12:10:24 Europe/Berlin] PHP Warning:  Undefined array key "user_last_name" in C:\xampp\htdocs\Lead-Management-System\dashboard\dashboard.php on line 224
[29-May-2025 12:10:31 Europe/Berlin] PHP Warning:  Undefined array key "user_first_name" in C:\xampp\htdocs\Lead-Management-System\dashboard\dashboard.php on line 224
[29-May-2025 12:10:31 Europe/Berlin] PHP Warning:  Undefined array key "user_last_name" in C:\xampp\htdocs\Lead-Management-System\dashboard\dashboard.php on line 224
[29-May-2025 12:10:40 Europe/Berlin] PHP Warning:  Undefined array key "user_first_name" in C:\xampp\htdocs\Lead-Management-System\dashboard\dashboard.php on line 224
[29-May-2025 12:10:40 Europe/Berlin] PHP Warning:  Undefined array key "user_last_name" in C:\xampp\htdocs\Lead-Management-System\dashboard\dashboard.php on line 224
[29-May-2025 21:14:01 Europe/Berlin] PHP Warning:  require_once(../includes/auth_check.php): Failed to open stream: No such file or directory in C:\xampp\htdocs\Lead-Management-System\dashboard\upgrade.php on line 3
[29-May-2025 21:14:01 Europe/Berlin] PHP Fatal error:  Uncaught Error: Failed opening required '../includes/auth_check.php' (include_path='C:\xampp\php\PEAR') in C:\xampp\htdocs\Lead-Management-System\dashboard\upgrade.php:3
Stack trace:
#0 {main}
  thrown in C:\xampp\htdocs\Lead-Management-System\dashboard\upgrade.php on line 3
[29-May-2025 21:14:15 Europe/Berlin] PHP Warning:  require_once(../includes/auth_check.php): Failed to open stream: No such file or directory in C:\xampp\htdocs\Lead-Management-System\dashboard\upgrade.php on line 3
[29-May-2025 21:14:15 Europe/Berlin] PHP Fatal error:  Uncaught Error: Failed opening required '../includes/auth_check.php' (include_path='C:\xampp\php\PEAR') in C:\xampp\htdocs\Lead-Management-System\dashboard\upgrade.php:3
Stack trace:
#0 {main}
  thrown in C:\xampp\htdocs\Lead-Management-System\dashboard\upgrade.php on line 3
[29-May-2025 21:23:58 Europe/Berlin] PHP Warning:  Undefined variable $userBirthday in C:\xampp\htdocs\Lead-Management-System\dashboard\profile.php on line 192
[29-May-2025 21:23:58 Europe/Berlin] PHP Deprecated:  htmlspecialchars(): Passing null to parameter #1 ($string) of type string is deprecated in C:\xampp\htdocs\Lead-Management-System\dashboard\profile.php on line 192
[29-May-2025 21:23:58 Europe/Berlin] PHP Warning:  Undefined variable $userStoreStatus in C:\xampp\htdocs\Lead-Management-System\dashboard\profile.php on line 198
[29-May-2025 21:23:58 Europe/Berlin] PHP Deprecated:  htmlspecialchars(): Passing null to parameter #1 ($string) of type string is deprecated in C:\xampp\htdocs\Lead-Management-System\dashboard\profile.php on line 198
[29-May-2025 21:24:01 Europe/Berlin] PHP Warning:  Undefined variable $userBirthday in C:\xampp\htdocs\Lead-Management-System\dashboard\profile.php on line 192
[29-May-2025 21:24:01 Europe/Berlin] PHP Deprecated:  htmlspecialchars(): Passing null to parameter #1 ($string) of type string is deprecated in C:\xampp\htdocs\Lead-Management-System\dashboard\profile.php on line 192
[29-May-2025 21:24:01 Europe/Berlin] PHP Warning:  Undefined variable $userStoreStatus in C:\xampp\htdocs\Lead-Management-System\dashboard\profile.php on line 198
[29-May-2025 21:24:01 Europe/Berlin] PHP Deprecated:  htmlspecialchars(): Passing null to parameter #1 ($string) of type string is deprecated in C:\xampp\htdocs\Lead-Management-System\dashboard\profile.php on line 198
[29-May-2025 21:24:05 Europe/Berlin] PHP Warning:  Undefined variable $userBirthday in C:\xampp\htdocs\Lead-Management-System\dashboard\profile.php on line 192
[29-May-2025 21:24:05 Europe/Berlin] PHP Deprecated:  htmlspecialchars(): Passing null to parameter #1 ($string) of type string is deprecated in C:\xampp\htdocs\Lead-Management-System\dashboard\profile.php on line 192
[29-May-2025 21:24:05 Europe/Berlin] PHP Warning:  Undefined variable $userStoreStatus in C:\xampp\htdocs\Lead-Management-System\dashboard\profile.php on line 198
[29-May-2025 21:24:05 Europe/Berlin] PHP Deprecated:  htmlspecialchars(): Passing null to parameter #1 ($string) of type string is deprecated in C:\xampp\htdocs\Lead-Management-System\dashboard\profile.php on line 198
[29-May-2025 21:24:17 Europe/Berlin] PHP Warning:  Undefined variable $userBirthday in C:\xampp\htdocs\Lead-Management-System\dashboard\profile.php on line 192
[29-May-2025 21:24:17 Europe/Berlin] PHP Deprecated:  htmlspecialchars(): Passing null to parameter #1 ($string) of type string is deprecated in C:\xampp\htdocs\Lead-Management-System\dashboard\profile.php on line 192
[29-May-2025 21:24:17 Europe/Berlin] PHP Warning:  Undefined variable $userStoreStatus in C:\xampp\htdocs\Lead-Management-System\dashboard\profile.php on line 198
[29-May-2025 21:24:17 Europe/Berlin] PHP Deprecated:  htmlspecialchars(): Passing null to parameter #1 ($string) of type string is deprecated in C:\xampp\htdocs\Lead-Management-System\dashboard\profile.php on line 198
[29-May-2025 21:25:00 Europe/Berlin] PHP Warning:  Undefined variable $timezones in C:\xampp\htdocs\Lead-Management-System\dashboard\profile.php on line 241
[29-May-2025 21:25:00 Europe/Berlin] PHP Warning:  foreach() argument must be of type array|object, null given in C:\xampp\htdocs\Lead-Management-System\dashboard\profile.php on line 241
[30-May-2025 05:31:10 Europe/Berlin] PHP Warning:  Undefined variable $user_display_name in C:\xampp\htdocs\Lead-Management-System\includes\dashboard-header.php on line 852
[30-May-2025 05:31:10 Europe/Berlin] PHP Warning:  Undefined variable $profile_image in C:\xampp\htdocs\Lead-Management-System\includes\dashboard-header.php on line 855
[30-May-2025 05:31:10 Europe/Berlin] PHP Warning:  Undefined variable $user_full_name in C:\xampp\htdocs\Lead-Management-System\includes\dashboard-header.php on line 855
[30-May-2025 05:31:10 Europe/Berlin] PHP Warning:  Undefined variable $profile_image in C:\xampp\htdocs\Lead-Management-System\includes\dashboard-header.php on line 860
[30-May-2025 05:31:10 Europe/Berlin] PHP Warning:  Undefined variable $user_full_name in C:\xampp\htdocs\Lead-Management-System\includes\dashboard-header.php on line 860
[30-May-2025 05:31:10 Europe/Berlin] PHP Warning:  Undefined variable $user_full_name in C:\xampp\htdocs\Lead-Management-System\includes\dashboard-header.php on line 862
[30-May-2025 05:31:18 Europe/Berlin] PHP Warning:  Undefined variable $user_display_name in C:\xampp\htdocs\Lead-Management-System\includes\dashboard-header.php on line 852
[30-May-2025 05:31:18 Europe/Berlin] PHP Warning:  Undefined variable $profile_image in C:\xampp\htdocs\Lead-Management-System\includes\dashboard-header.php on line 855
[30-May-2025 05:31:18 Europe/Berlin] PHP Warning:  Undefined variable $user_full_name in C:\xampp\htdocs\Lead-Management-System\includes\dashboard-header.php on line 855
[30-May-2025 05:31:18 Europe/Berlin] PHP Warning:  Undefined variable $profile_image in C:\xampp\htdocs\Lead-Management-System\includes\dashboard-header.php on line 860
[30-May-2025 05:31:18 Europe/Berlin] PHP Warning:  Undefined variable $user_full_name in C:\xampp\htdocs\Lead-Management-System\includes\dashboard-header.php on line 860
[30-May-2025 05:31:18 Europe/Berlin] PHP Warning:  Undefined variable $user_full_name in C:\xampp\htdocs\Lead-Management-System\includes\dashboard-header.php on line 862
[30-May-2025 05:32:11 Europe/Berlin] PHP Warning:  Undefined variable $user_display_name in C:\xampp\htdocs\Lead-Management-System\includes\dashboard-header.php on line 853
[30-May-2025 05:32:11 Europe/Berlin] PHP Warning:  Undefined variable $profile_image in C:\xampp\htdocs\Lead-Management-System\includes\dashboard-header.php on line 856
[30-May-2025 05:32:11 Europe/Berlin] PHP Warning:  Undefined variable $user_full_name in C:\xampp\htdocs\Lead-Management-System\includes\dashboard-header.php on line 856
[30-May-2025 05:32:11 Europe/Berlin] PHP Warning:  Undefined variable $profile_image in C:\xampp\htdocs\Lead-Management-System\includes\dashboard-header.php on line 861
[30-May-2025 05:32:11 Europe/Berlin] PHP Warning:  Undefined variable $user_full_name in C:\xampp\htdocs\Lead-Management-System\includes\dashboard-header.php on line 861
[30-May-2025 05:32:11 Europe/Berlin] PHP Warning:  Undefined variable $user_full_name in C:\xampp\htdocs\Lead-Management-System\includes\dashboard-header.php on line 863
[30-May-2025 05:48:01 Europe/Berlin] PHP Warning:  Undefined variable $currentPage in C:\xampp\htdocs\Lead-Management-System\includes\dashboard-header.php on line 1041
[30-May-2025 05:48:01 Europe/Berlin] PHP Warning:  Undefined variable $currentPage in C:\xampp\htdocs\Lead-Management-System\includes\dashboard-header.php on line 1042
[30-May-2025 05:48:01 Europe/Berlin] PHP Warning:  Undefined variable $currentPage in C:\xampp\htdocs\Lead-Management-System\includes\dashboard-header.php on line 1043
[30-May-2025 05:48:01 Europe/Berlin] PHP Warning:  Undefined variable $currentPage in C:\xampp\htdocs\Lead-Management-System\includes\dashboard-header.php on line 1058
[30-May-2025 05:48:01 Europe/Berlin] PHP Warning:  Undefined variable $currentPage in C:\xampp\htdocs\Lead-Management-System\includes\dashboard-header.php on line 1063
[30-May-2025 05:48:03 Europe/Berlin] PHP Warning:  Undefined variable $currentPage in C:\xampp\htdocs\Lead-Management-System\includes\dashboard-header.php on line 1041
[30-May-2025 05:48:03 Europe/Berlin] PHP Warning:  Undefined variable $currentPage in C:\xampp\htdocs\Lead-Management-System\includes\dashboard-header.php on line 1042
[30-May-2025 05:48:03 Europe/Berlin] PHP Warning:  Undefined variable $currentPage in C:\xampp\htdocs\Lead-Management-System\includes\dashboard-header.php on line 1043
[30-May-2025 05:48:03 Europe/Berlin] PHP Warning:  Undefined variable $currentPage in C:\xampp\htdocs\Lead-Management-System\includes\dashboard-header.php on line 1058
[30-May-2025 05:48:03 Europe/Berlin] PHP Warning:  Undefined variable $currentPage in C:\xampp\htdocs\Lead-Management-System\includes\dashboard-header.php on line 1063
[30-May-2025 05:49:27 Europe/Berlin] PHP Warning:  Undefined variable $currentPage in C:\xampp\htdocs\Lead-Management-System\includes\dashboard-header.php on line 1101
[30-May-2025 05:49:27 Europe/Berlin] PHP Warning:  Undefined variable $currentPage in C:\xampp\htdocs\Lead-Management-System\includes\dashboard-header.php on line 1102
[30-May-2025 05:49:27 Europe/Berlin] PHP Warning:  Undefined variable $currentPage in C:\xampp\htdocs\Lead-Management-System\includes\dashboard-header.php on line 1103
[30-May-2025 05:49:27 Europe/Berlin] PHP Warning:  Undefined variable $currentPage in C:\xampp\htdocs\Lead-Management-System\includes\dashboard-header.php on line 1118
[30-May-2025 05:49:27 Europe/Berlin] PHP Warning:  Undefined variable $currentPage in C:\xampp\htdocs\Lead-Management-System\includes\dashboard-header.php on line 1123
[30-May-2025 10:28:52 Europe/Berlin] PHP Warning:  include(C:\xampp\htdocs\Lead-Management-System\includes\dashboard-header.php): Failed to open stream: No such file or directory in C:\xampp\htdocs\Lead-Management-System\dashboard\dashboard.php on line 73
[30-May-2025 10:28:52 Europe/Berlin] PHP Warning:  include(): Failed opening '../includes/dashboard-header.php' for inclusion (include_path='C:\xampp\php\PEAR') in C:\xampp\htdocs\Lead-Management-System\dashboard\dashboard.php on line 73
[30-May-2025 10:35:44 Europe/Berlin] PHP Warning:  include(../includes/dashboard-header.php): Failed to open stream: No such file or directory in C:\xampp\htdocs\Lead-Management-System\dashboard\dashboard.php on line 73
[30-May-2025 10:35:44 Europe/Berlin] PHP Warning:  include(): Failed opening '../includes/dashboard-header.php' for inclusion (include_path='C:\xampp\php\PEAR') in C:\xampp\htdocs\Lead-Management-System\dashboard\dashboard.php on line 73
[31-May-2025 11:45:36 Europe/Berlin] PHP Warning:  Cannot modify header information - headers already sent by (output started at C:\xampp\htdocs\Lead-Management-System\includes\dashboard-header.php:12) in C:\xampp\htdocs\Lead-Management-System\includes\trial_functions.php on line 162
[31-May-2025 11:45:45 Europe/Berlin] PHP Warning:  Cannot modify header information - headers already sent by (output started at C:\xampp\htdocs\Lead-Management-System\includes\dashboard-header.php:12) in C:\xampp\htdocs\Lead-Management-System\includes\trial_functions.php on line 162
[31-May-2025 11:45:54 Europe/Berlin] PHP Warning:  Cannot modify header information - headers already sent by (output started at C:\xampp\htdocs\Lead-Management-System\includes\dashboard-header.php:12) in C:\xampp\htdocs\Lead-Management-System\includes\trial_functions.php on line 162
[31-May-2025 11:46:26 Europe/Berlin] PHP Warning:  Cannot modify header information - headers already sent by (output started at C:\xampp\htdocs\Lead-Management-System\includes\dashboard-header.php:12) in C:\xampp\htdocs\Lead-Management-System\includes\trial_functions.php on line 162
[31-May-2025 15:35:54 Europe/Berlin] Database connection error: No connection could be made because the target machine actively refused it
[31-May-2025 20:05:05 Europe/Berlin] PHP Warning:  Undefined variable $newLeadsCount in C:\xampp\htdocs\Lead-Management-System\dashboard\leads.php on line 447
[31-May-2025 20:05:05 Europe/Berlin] PHP Warning:  Undefined variable $processingLeadsCount in C:\xampp\htdocs\Lead-Management-System\dashboard\leads.php on line 453
[31-May-2025 20:05:05 Europe/Berlin] PHP Warning:  Undefined variable $closeByLeadsCount in C:\xampp\htdocs\Lead-Management-System\dashboard\leads.php on line 459
[31-May-2025 20:05:05 Europe/Berlin] PHP Warning:  Undefined variable $confirmLeadsCount in C:\xampp\htdocs\Lead-Management-System\dashboard\leads.php on line 465
[31-May-2025 20:05:05 Europe/Berlin] PHP Warning:  Undefined variable $cancelLeadsCount in C:\xampp\htdocs\Lead-Management-System\dashboard\leads.php on line 471
[31-May-2025 20:05:08 Europe/Berlin] PHP Warning:  Undefined variable $newLeadsCount in C:\xampp\htdocs\Lead-Management-System\dashboard\leads.php on line 447
[31-May-2025 20:05:08 Europe/Berlin] PHP Warning:  Undefined variable $processingLeadsCount in C:\xampp\htdocs\Lead-Management-System\dashboard\leads.php on line 453
[31-May-2025 20:05:08 Europe/Berlin] PHP Warning:  Undefined variable $closeByLeadsCount in C:\xampp\htdocs\Lead-Management-System\dashboard\leads.php on line 459
[31-May-2025 20:05:08 Europe/Berlin] PHP Warning:  Undefined variable $confirmLeadsCount in C:\xampp\htdocs\Lead-Management-System\dashboard\leads.php on line 465
[31-May-2025 20:05:08 Europe/Berlin] PHP Warning:  Undefined variable $cancelLeadsCount in C:\xampp\htdocs\Lead-Management-System\dashboard\leads.php on line 471
[31-May-2025 20:05:24 Europe/Berlin] PHP Warning:  Undefined variable $newLeadsCount in C:\xampp\htdocs\Lead-Management-System\dashboard\leads.php on line 447
[31-May-2025 20:05:24 Europe/Berlin] PHP Warning:  Undefined variable $processingLeadsCount in C:\xampp\htdocs\Lead-Management-System\dashboard\leads.php on line 453
[31-May-2025 20:05:24 Europe/Berlin] PHP Warning:  Undefined variable $closeByLeadsCount in C:\xampp\htdocs\Lead-Management-System\dashboard\leads.php on line 459
[31-May-2025 20:05:24 Europe/Berlin] PHP Warning:  Undefined variable $confirmLeadsCount in C:\xampp\htdocs\Lead-Management-System\dashboard\leads.php on line 465
[31-May-2025 20:05:24 Europe/Berlin] PHP Warning:  Undefined variable $cancelLeadsCount in C:\xampp\htdocs\Lead-Management-System\dashboard\leads.php on line 471
[31-May-2025 20:05:25 Europe/Berlin] PHP Warning:  Undefined variable $newLeadsCount in C:\xampp\htdocs\Lead-Management-System\dashboard\leads.php on line 447
[31-May-2025 20:05:25 Europe/Berlin] PHP Warning:  Undefined variable $processingLeadsCount in C:\xampp\htdocs\Lead-Management-System\dashboard\leads.php on line 453
[31-May-2025 20:05:25 Europe/Berlin] PHP Warning:  Undefined variable $closeByLeadsCount in C:\xampp\htdocs\Lead-Management-System\dashboard\leads.php on line 459
[31-May-2025 20:05:25 Europe/Berlin] PHP Warning:  Undefined variable $confirmLeadsCount in C:\xampp\htdocs\Lead-Management-System\dashboard\leads.php on line 465
[31-May-2025 20:05:25 Europe/Berlin] PHP Warning:  Undefined variable $cancelLeadsCount in C:\xampp\htdocs\Lead-Management-System\dashboard\leads.php on line 471
[31-May-2025 20:05:36 Europe/Berlin] PHP Warning:  Undefined variable $newLeadsCount in C:\xampp\htdocs\Lead-Management-System\dashboard\leads.php on line 447
[31-May-2025 20:05:36 Europe/Berlin] PHP Warning:  Undefined variable $processingLeadsCount in C:\xampp\htdocs\Lead-Management-System\dashboard\leads.php on line 453
[31-May-2025 20:05:36 Europe/Berlin] PHP Warning:  Undefined variable $closeByLeadsCount in C:\xampp\htdocs\Lead-Management-System\dashboard\leads.php on line 459
[31-May-2025 20:05:36 Europe/Berlin] PHP Warning:  Undefined variable $confirmLeadsCount in C:\xampp\htdocs\Lead-Management-System\dashboard\leads.php on line 465
[31-May-2025 20:05:36 Europe/Berlin] PHP Warning:  Undefined variable $cancelLeadsCount in C:\xampp\htdocs\Lead-Management-System\dashboard\leads.php on line 471
[31-May-2025 20:05:50 Europe/Berlin] PHP Warning:  Undefined variable $newLeadsCount in C:\xampp\htdocs\Lead-Management-System\dashboard\leads.php on line 447
[31-May-2025 20:05:50 Europe/Berlin] PHP Warning:  Undefined variable $processingLeadsCount in C:\xampp\htdocs\Lead-Management-System\dashboard\leads.php on line 453
[31-May-2025 20:05:50 Europe/Berlin] PHP Warning:  Undefined variable $closeByLeadsCount in C:\xampp\htdocs\Lead-Management-System\dashboard\leads.php on line 459
[31-May-2025 20:05:50 Europe/Berlin] PHP Warning:  Undefined variable $confirmLeadsCount in C:\xampp\htdocs\Lead-Management-System\dashboard\leads.php on line 465
[31-May-2025 20:05:50 Europe/Berlin] PHP Warning:  Undefined variable $cancelLeadsCount in C:\xampp\htdocs\Lead-Management-System\dashboard\leads.php on line 471
[31-May-2025 20:07:10 Europe/Berlin] PHP Warning:  Undefined variable $newLeadsCount in C:\xampp\htdocs\Lead-Management-System\dashboard\leads.php on line 447
[31-May-2025 20:07:10 Europe/Berlin] PHP Warning:  Undefined variable $processingLeadsCount in C:\xampp\htdocs\Lead-Management-System\dashboard\leads.php on line 453
[31-May-2025 20:07:10 Europe/Berlin] PHP Warning:  Undefined variable $closeByLeadsCount in C:\xampp\htdocs\Lead-Management-System\dashboard\leads.php on line 459
[31-May-2025 20:07:10 Europe/Berlin] PHP Warning:  Undefined variable $confirmLeadsCount in C:\xampp\htdocs\Lead-Management-System\dashboard\leads.php on line 465
[31-May-2025 20:07:10 Europe/Berlin] PHP Warning:  Undefined variable $cancelLeadsCount in C:\xampp\htdocs\Lead-Management-System\dashboard\leads.php on line 471
[31-May-2025 20:08:41 Europe/Berlin] PHP Warning:  Undefined variable $newLeadsCount in C:\xampp\htdocs\Lead-Management-System\dashboard\leads.php on line 462
[31-May-2025 20:08:41 Europe/Berlin] PHP Warning:  Undefined variable $processingLeadsCount in C:\xampp\htdocs\Lead-Management-System\dashboard\leads.php on line 468
[31-May-2025 20:08:41 Europe/Berlin] PHP Warning:  Undefined variable $closeByLeadsCount in C:\xampp\htdocs\Lead-Management-System\dashboard\leads.php on line 474
[31-May-2025 20:08:41 Europe/Berlin] PHP Warning:  Undefined variable $confirmLeadsCount in C:\xampp\htdocs\Lead-Management-System\dashboard\leads.php on line 480
[31-May-2025 20:08:41 Europe/Berlin] PHP Warning:  Undefined variable $cancelLeadsCount in C:\xampp\htdocs\Lead-Management-System\dashboard\leads.php on line 486
[01-Jun-2025 14:13:14 Europe/Berlin] Query execution error: MySQL server has gone away
[01-Jun-2025 14:13:14 Europe/Berlin] Login error: MySQL server has gone away
[01-Jun-2025 14:13:38 Europe/Berlin] Database connection error: No connection could be made because the target machine actively refused it
[01-Jun-2025 14:29:50 Europe/Berlin] PHP Warning:  Cannot modify header information - headers already sent by (output started at C:\xampp\htdocs\Lead-Management-System\dashboard\leads.php:37) in C:\xampp\htdocs\Lead-Management-System\includes\trial_functions.php on line 162
[01-Jun-2025 14:30:18 Europe/Berlin] Query execution error: Cannot add or update a child row: a foreign key constraint fails (`crm_dashboard`.`login_history`, CONSTRAINT `login_history_ibfk_1` FOREIGN KEY (`user_id`) REFERENCES `users` (`id`) ON DELETE CASCADE)
[01-Jun-2025 14:30:18 Europe/Berlin] Login error: Cannot add or update a child row: a foreign key constraint fails (`crm_dashboard`.`login_history`, CONSTRAINT `login_history_ibfk_1` FOREIGN KEY (`user_id`) REFERENCES `users` (`id`) ON DELETE CASCADE)
[01-Jun-2025 14:33:44 Europe/Berlin] PHP Warning:  Trying to access array offset on value of type null in C:\xampp\htdocs\Lead-Management-System\includes\dashboard_header.php on line 119
[01-Jun-2025 14:35:04 Europe/Berlin] PHP Warning:  Trying to access array offset on value of type null in C:\xampp\htdocs\Lead-Management-System\includes\dashboard_header.php on line 119
[01-Jun-2025 14:37:05 Europe/Berlin] Query execution error: Cannot add or update a child row: a foreign key constraint fails (`crm_dashboard`.`login_history`, CONSTRAINT `login_history_ibfk_1` FOREIGN KEY (`user_id`) REFERENCES `users` (`id`) ON DELETE CASCADE)
[01-Jun-2025 14:37:05 Europe/Berlin] Login error: Cannot add or update a child row: a foreign key constraint fails (`crm_dashboard`.`login_history`, CONSTRAINT `login_history_ibfk_1` FOREIGN KEY (`user_id`) REFERENCES `users` (`id`) ON DELETE CASCADE)
[01-Jun-2025 15:13:34 Europe/Berlin] Error fetching dashboard data: Table 'crm_dashboard.vw_todays_leads_summary' doesn't exist
[01-Jun-2025 15:13:38 Europe/Berlin] Error fetching dashboard data: Table 'crm_dashboard.vw_todays_leads_summary' doesn't exist
[01-Jun-2025 15:13:40 Europe/Berlin] Error fetching dashboard data: Table 'crm_dashboard.vw_todays_leads_summary' doesn't exist
[01-Jun-2025 15:13:40 Europe/Berlin] Error fetching dashboard data: Table 'crm_dashboard.vw_todays_leads_summary' doesn't exist
[01-Jun-2025 15:15:43 Europe/Berlin] Error fetching dashboard data: Table 'crm_dashboard.vw_todays_leads_summary' doesn't exist
[01-Jun-2025 15:16:35 Europe/Berlin] Error fetching dashboard data: Table 'crm_dashboard.vw_todays_leads_summary' doesn't exist
[01-Jun-2025 15:16:36 Europe/Berlin] Error fetching dashboard data: Table 'crm_dashboard.vw_todays_leads_summary' doesn't exist
[01-Jun-2025 15:16:36 Europe/Berlin] Error fetching dashboard data: Table 'crm_dashboard.vw_todays_leads_summary' doesn't exist
[01-Jun-2025 15:17:59 Europe/Berlin] PHP Warning:  Cannot modify header information - headers already sent by (output started at C:\xampp\htdocs\Lead-Management-System\includes\dashboard-header.php:12) in C:\xampp\htdocs\Lead-Management-System\includes\trial_functions.php on line 50
[01-Jun-2025 15:20:13 Europe/Berlin] Query execution error: Cannot add or update a child row: a foreign key constraint fails (`crm_dashboard`.`login_history`, CONSTRAINT `login_history_ibfk_1` FOREIGN KEY (`user_id`) REFERENCES `users` (`id`) ON DELETE CASCADE)
[01-Jun-2025 15:20:13 Europe/Berlin] Login error: Cannot add or update a child row: a foreign key constraint fails (`crm_dashboard`.`login_history`, CONSTRAINT `login_history_ibfk_1` FOREIGN KEY (`user_id`) REFERENCES `users` (`id`) ON DELETE CASCADE)
[01-Jun-2025 15:20:53 Europe/Berlin] Error fetching dashboard data: Table 'crm_dashboard.vw_todays_leads_summary' doesn't exist
[01-Jun-2025 15:23:30 Europe/Berlin] Error fetching dashboard data: Table 'crm_dashboard.vw_todays_leads_summary' doesn't exist
[01-Jun-2025 15:23:46 Europe/Berlin] Error fetching dashboard data: Table 'crm_dashboard.vw_todays_leads_summary' doesn't exist
[01-Jun-2025 15:24:43 Europe/Berlin] Error fetching dashboard data: Table 'crm_dashboard.vw_todays_leads_summary' doesn't exist
[01-Jun-2025 15:25:09 Europe/Berlin] Error fetching dashboard data: Table 'crm_dashboard.vw_todays_leads_summary' doesn't exist
[01-Jun-2025 15:25:15 Europe/Berlin] Error fetching dashboard data: Table 'crm_dashboard.vw_todays_leads_summary' doesn't exist
[01-Jun-2025 15:25:46 Europe/Berlin] Error fetching dashboard data: Table 'crm_dashboard.vw_todays_leads_summary' doesn't exist
[01-Jun-2025 15:26:16 Europe/Berlin] Error fetching dashboard data: Table 'crm_dashboard.vw_todays_leads_summary' doesn't exist
[01-Jun-2025 15:26:45 Europe/Berlin] Error fetching dashboard data: Table 'crm_dashboard.vw_todays_leads_summary' doesn't exist
[01-Jun-2025 15:27:16 Europe/Berlin] Database connection error: Unknown database 'crm_dashboard'
[01-Jun-2025 15:28:16 Europe/Berlin] Database connection error: Unknown database 'crm_dashboard'
[01-Jun-2025 15:33:38 Europe/Berlin] Query execution error: Cannot add or update a child row: a foreign key constraint fails (`crm_dashboard`.`login_history`, CONSTRAINT `login_history_ibfk_1` FOREIGN KEY (`user_id`) REFERENCES `users` (`id`) ON DELETE CASCADE)
[01-Jun-2025 15:33:38 Europe/Berlin] Login error: Cannot add or update a child row: a foreign key constraint fails (`crm_dashboard`.`login_history`, CONSTRAINT `login_history_ibfk_1` FOREIGN KEY (`user_id`) REFERENCES `users` (`id`) ON DELETE CASCADE)
[01-Jun-2025 15:56:34 Europe/Berlin] Error fetching leads: Unknown column 'status' in 'field list'
[01-Jun-2025 15:59:15 Europe/Berlin] Error fetching leads: Unknown column 'status' in 'field list'
[01-Jun-2025 16:00:16 Europe/Berlin] Error fetching leads: Unknown column 'status' in 'field list'
[01-Jun-2025 16:00:18 Europe/Berlin] Error fetching leads: Unknown column 'status' in 'field list'
[01-Jun-2025 16:00:27 Europe/Berlin] Error fetching leads: Unknown column 'status' in 'field list'
